starting up on c0179 port 10002
connecting to d1007 port 10000
sending b'start 7 gpu 0'
connecting to d1007 port 10000
sending b'start 37 gpu 1'
connecting to c2190 port 10000
sending b'start 31 gpu 0'
connecting to c2190 port 10000
sending b'start 43 gpu 1'
V100 finished job: 7
connecting to d1007 port 10000
sending b'start 1 gpu 0'
V100 finished job: 1
connecting to d1007 port 10000
sending b'start 22 gpu 0'
job37 has reached step1 complete on V100
job37 has been qualified for demotion
job37qualified for demote for profiling
V100 demoted jobs:  ['37']
connecting to d1007 port 10000
sending b'save 37 pid 281162'
37 checkpointed successfully
connecting to c2180 port 10000
sending b'resume 37 gpu 0'
connecting to d1007 port 10000
sending b'start 6 gpu 1'
V100 finished job: 6
job31 has reached step1 complete on P100
job31 has been qualified for demotion
job31qualified for demote for profiling
P100 demoted jobs:  ['31']
connecting to c2190 port 10000
sending b'save 31 pid 125839'
31 checkpointed successfully
connecting to c2180 port 10000
sending b'resume 31 gpu 1'
connecting to d1007 port 10000
sending b'start 12 gpu 1'
connecting to c2190 port 10000
sending b'start 44 gpu 0'
job22 has reached step1 complete on V100
job12 has reached step1 complete on V100
job22 has been qualified for demotion
job12 has been qualified for demotion
job22qualified for demote for profiling
job12qualified for demote for profiling
V100 demoted jobs:  ['12', '22']
connecting to d1007 port 10000
sending b'save 22 pid 281841'
connecting to d1007 port 10000
sending b'save 12 pid 282415'
22 checkpointed successfully
12 checkpointed successfully
connecting to c2180 port 10000
sending b'resume 12 gpu 2'
connecting to c2180 port 10000
sending b'resume 22 gpu 3'
connecting to d1007 port 10000
sending b'start 50 gpu 0'
connecting to d1007 port 10000
sending b'start 9 gpu 1'
V100 finished job: 9
connecting to d1007 port 10000
sending b'start 4 gpu 1'
V100 finished job: 4
connecting to d1007 port 10000
sending b'start 38 gpu 1'
job12 has reached step2 complete on K80
job38 has reached step1 complete on V100
job38 has been qualified for demotion
job38qualified for demote for profiling
V100 demoted jobs:  ['38']
connecting to d1007 port 10000
sending b'save 38 pid 283363'
38 checkpointed successfully
connecting to c2180 port 10000
sending b'resume 38 gpu 4'
connecting to d1007 port 10000
sending b'start 29 gpu 1'
K80 finished job: 12
job43 has reached step1 complete on P100
job43 has been qualified for demotion
job43qualified for demote for profiling
P100 demoted jobs:  ['43']
connecting to c2190 port 10000
sending b'save 43 pid 125847'
43 checkpointed successfully
connecting to c2180 port 10000
sending b'resume 43 gpu 2'
connecting to c2190 port 10000
sending b'start 39 gpu 1'
job29 has reached step1 complete on V100
job29 has been qualified for demotion
job31 has reached step2 complete on K80
job29qualified for demote for profiling
V100 demoted jobs:  ['29']
connecting to d1007 port 10000
sending b'save 29 pid 283788'
29 checkpointed successfully
connecting to c2180 port 10000
sending b'resume 29 gpu 5'
connecting to d1007 port 10000
sending b'start 3 gpu 1'
job50 has reached step1 complete on V100
job50 has been qualified for demotion
job50qualified for demote for profiling
V100 demoted jobs:  ['50']
connecting to d1007 port 10000
sending b'save 50 pid 282667'
50 checkpointed successfully
connecting to c2180 port 10000
sending b'resume 50 gpu 6'
connecting to d1007 port 10000
sending b'start 18 gpu 0'
V100 finished job: 3
connecting to d1007 port 10000
sending b'start 41 gpu 1'
job18 has reached step1 complete on V100
job18 has been qualified for demotion
job18qualified for demote for profiling
V100 demoted jobs:  ['18']
connecting to d1007 port 10000
sending b'save 18 pid 284651'
18 checkpointed successfully
connecting to c2180 port 10000
sending b'resume 18 gpu 7'
connecting to d1007 port 10000
sending b'start 34 gpu 0'
job34 has reached step1 complete on V100
job41 has reached step1 complete on V100
job34 has been qualified for demotion
job41 has been qualified for demotion
job34qualified for demote for profiling
job41qualified for demote for profiling
V100 promoted jobs:  ['31']
V100 demoted jobs:  ['41']
connecting to c2180 port 10000
sending b'save 31 pid 140274'
connecting to d1007 port 10000
sending b'save 41 pid 284852'
31 checkpointed successfully
41 checkpointed successfully
connecting to d1007 port 10000
sending b'resume 31 gpu 1'
connecting to c2180 port 10000
sending b'resume 41 gpu 1'
job44 has reached step1 complete on P100
job39 has reached step1 complete on P100
job44 has been qualified for demotion
job39 has been qualified for demotion
job44qualified for demote for profiling
job39qualified for demote for profiling
job37 has reached step2 complete on K80
P100 promoted jobs:  ['37']
P100 demoted jobs:  ['39']
connecting to c2180 port 10000
sending b'save 37 pid 140083'
connecting to c2190 port 10000
sending b'save 39 pid 127520'
39 checkpointed successfully
37 checkpointed successfully
connecting to c2190 port 10000
sending b'resume 37 gpu 1'
connecting to c2180 port 10000
sending b'resume 39 gpu 0'
job31 has reached step1 complete on V100
job31qualified for demote for passing demote qualify time
job22 has reached step2 complete on K80
P100 promoted jobs:  ['22']
P100 demoted jobs:  ['44']
connecting to c2180 port 10000
sending b'save 22 pid 140414'
connecting to c2190 port 10000
sending b'save 44 pid 126428'
44 checkpointed successfully
22 checkpointed successfully
connecting to c2190 port 10000
sending b'resume 22 gpu 0'
connecting to c2180 port 10000
sending b'resume 44 gpu 3'
job37 has reached step1 complete on P100
job37qualified for demote for passing demote qualify time
job38 has reached step2 complete on K80
P100 promoted jobs:  ['38']
P100 demoted jobs:  ['37']
connecting to c2180 port 10000
sending b'save 38 pid 141039'
connecting to c2190 port 10000
sending b'save 37 pid 128646'
37 checkpointed successfully
38 checkpointed successfully
connecting to c2190 port 10000
sending b'resume 38 gpu 1'
connecting to c2180 port 10000
sending b'resume 37 gpu 4'
V100 promoted jobs:  ['37']
V100 demoted jobs:  ['34']
connecting to c2180 port 10000
sending b'save 37 pid 143875'
connecting to d1007 port 10000
sending b'save 34 pid 285226'
34 finished before receiving checkpoint signal
37 checkpointed successfully
connecting to d1007 port 10000
sending b'resume 37 gpu 0'
job34 has finished before checkpointing
P100 finished job: 22
V100 finished job: 31
job38 has reached step1 complete on P100
job18 has reached step2 complete on K80
job37qualified for demote for passing demote qualify time
job38qualified for demote for passing demote qualify time
P100 promoted jobs:  ['18']
V100 demoted jobs:  ['37']
P100 demoted jobs:  ['38']
connecting to c2180 port 10000
sending b'save 18 pid 142027'
connecting to c2190 port 10000
sending b'save 38 pid 129789'
connecting to d1007 port 10000
sending b'save 37 pid 289336'
38 checkpointed successfully
18 checkpointed successfully
37 checkpointed successfully
connecting to c2190 port 10000
sending b'resume 18 gpu 0'
connecting to c2180 port 10000
sending b'resume 37 gpu 4'
connecting to c2180 port 10000
sending b'resume 38 gpu 7'
connecting to d1007 port 10000
sending b'start 45 gpu 0'
connecting to d1007 port 10000
sending b'start 27 gpu 1'
connecting to c2190 port 10000
sending b'start 5 gpu 1'
job27 has reached step1 complete on V100
job27 has been qualified for demotion
job27qualified for demote for profiling
V100 promoted jobs:  ['38']
V100 demoted jobs:  ['27']
connecting to c2180 port 10000
sending b'save 38 pid 146190'
connecting to d1007 port 10000
sending b'save 27 pid 289795'
27 checkpointed successfully
38 checkpointed successfully
connecting to d1007 port 10000
sending b'resume 38 gpu 1'
connecting to c2180 port 10000
sending b'resume 27 gpu 7'
P100 finished job: 18
P100 finished job: 5
job45 has reached step1 complete on V100
job45 has been qualified for demotion
job45qualified for demote for profiling
V100 promoted jobs:  ['37']
V100 demoted jobs:  ['45']
connecting to c2180 port 10000
sending b'save 37 pid 146189'
connecting to d1007 port 10000
sending b'save 45 pid 289659'
45 checkpointed successfully
37 checkpointed successfully
connecting to d1007 port 10000
sending b'resume 37 gpu 0'
connecting to c2180 port 10000
sending b'resume 45 gpu 4'
connecting to c2190 port 10000
sending b'start 21 gpu 0'
connecting to c2190 port 10000
sending b'start 47 gpu 1'
V100 finished job: 38
job39 has reached step2 complete on K80
job29 has reached step2 complete on K80
job37qualified for demote for passing demote qualify time
connecting to d1007 port 10000
sending b'start 11 gpu 1'
job11 has reached step1 complete on V100
job11 has been qualified for demotion
job11qualified for demote for profiling
V100 promoted jobs:  ['39']
V100 demoted jobs:  ['11']
connecting to c2180 port 10000
sending b'save 39 pid 142708'
connecting to d1007 port 10000
sending b'save 11 pid 292389'
11 checkpointed successfully
39 checkpointed successfully
connecting to d1007 port 10000
sending b'resume 39 gpu 1'
connecting to c2180 port 10000
sending b'resume 11 gpu 0'
job21 has reached step1 complete on P100
job21 has been qualified for demotion
job21qualified for demote for profiling
P100 promoted jobs:  ['29']
P100 demoted jobs:  ['21']
connecting to c2180 port 10000
sending b'save 29 pid 141569'
connecting to c2190 port 10000
sending b'save 21 pid 134241'
21 checkpointed successfully
29 checkpointed successfully
connecting to c2190 port 10000
sending b'resume 29 gpu 0'
connecting to c2180 port 10000
sending b'resume 21 gpu 5'
job39 has reached step1 complete on V100
job27 has reached step2 complete on K80
K80 finished job: 11
job41 has reached step2 complete on K80
V100 demoted jobs:  ['37']
connecting to d1007 port 10000
sending b'save 37 pid 292173'
37 checkpointed successfully
connecting to c2180 port 10000
sending b'resume 37 gpu 0'
connecting to d1007 port 10000
sending b'start 30 gpu 0'
job30 has reached step1 complete on V100
job30 has been qualified for demotion
job30qualified for demote for profiling
V100 promoted jobs:  ['27']
V100 demoted jobs:  ['30']
connecting to c2180 port 10000
sending b'save 27 pid 147077'
connecting to d1007 port 10000
sending b'save 30 pid 293596'
30 checkpointed successfully
27 checkpointed successfully
connecting to d1007 port 10000
sending b'resume 27 gpu 0'
connecting to c2180 port 10000
sending b'resume 30 gpu 7'
job29 has reached step1 complete on P100
job21 has reached step2 complete on K80
job29qualified for demote for passing demote qualify time
P100 promoted jobs:  ['41']
P100 demoted jobs:  ['29']
connecting to c2180 port 10000
sending b'save 41 pid 142450'
connecting to c2190 port 10000
sending b'save 29 pid 134900'
29 checkpointed successfully
41 checkpointed successfully
connecting to c2190 port 10000
sending b'resume 41 gpu 0'
connecting to c2180 port 10000
sending b'resume 29 gpu 1'
job43 has reached step2 complete on K80
V100 finished job: 27
connecting to d1007 port 10000
sending b'start 2 gpu 0'
V100 finished job: 2
connecting to d1007 port 10000
sending b'start 40 gpu 0'
job40 has reached step1 complete on V100
job40 has been qualified for demotion
job40qualified for demote for profiling
V100 promoted jobs:  ['43']
V100 demoted jobs:  ['40']
connecting to c2180 port 10000
sending b'save 43 pid 141434'
connecting to d1007 port 10000
sending b'save 40 pid 295344'
40 checkpointed successfully
43 checkpointed successfully
connecting to d1007 port 10000
sending b'resume 43 gpu 0'
connecting to c2180 port 10000
sending b'resume 40 gpu 2'
V100 finished job: 39
connecting to d1007 port 10000
sending b'start 25 gpu 1'
job25 has reached step1 complete on V100
job25 has been qualified for demotion
job25qualified for demote for profiling
V100 promoted jobs:  ['21']
V100 demoted jobs:  ['25']
connecting to c2180 port 10000
sending b'save 21 pid 149027'
connecting to d1007 port 10000
sending b'save 25 pid 295990'
21 checkpointed successfully
25 checkpointed successfully
connecting to d1007 port 10000
sending b'resume 21 gpu 1'
connecting to c2180 port 10000
sending b'resume 25 gpu 5'
job21 has reached step1 complete on V100
job41 has reached step1 complete on P100
job41qualified for demote for passing demote qualify time
V100 finished job: 21
connecting to d1007 port 10000
sending b'start 48 gpu 1'
job43 has reached step1 complete on V100
job40 has reached step2 complete on K80
P100 promoted jobs:  ['40']
P100 demoted jobs:  ['41']
connecting to c2180 port 10000
sending b'save 40 pid 151232'
connecting to c2190 port 10000
sending b'save 41 pid 136108'
40 checkpointed successfully
41 checkpointed successfully
connecting to c2190 port 10000
sending b'resume 40 gpu 0'
connecting to c2180 port 10000
sending b'resume 41 gpu 2'
job47 has reached step1 complete on P100
job47 has been qualified for demotion
job47qualified for demote for profiling
P100 promoted jobs:  ['41']
P100 demoted jobs:  ['47']
connecting to c2180 port 10000
sending b'save 41 pid 152516'
connecting to c2190 port 10000
sending b'save 47 pid 134257'
47 checkpointed successfully
41 checkpointed successfully
connecting to c2190 port 10000
sending b'resume 41 gpu 1'
connecting to c2180 port 10000
sending b'resume 47 gpu 2'
job48 has reached step1 complete on V100
job48 has been qualified for demotion
job40 has reached step1 complete on P100
job25 has reached step2 complete on K80
job48qualified for demote for profiling
job40qualified for demote for passing demote qualify time
job41qualified for demote for passing demote qualify time
V100 promoted jobs:  ['29']
P100 promoted jobs:  ['25']
V100 demoted jobs:  ['48']
P100 demoted jobs:  ['40']
connecting to c2180 port 10000
sending b'save 29 pid 150318'
connecting to c2180 port 10000
sending b'save 25 pid 151505'
connecting to c2190 port 10000
sending b'save 40 pid 138208'
connecting to d1007 port 10000
sending b'save 48 pid 296921'
40 checkpointed successfully
48 checkpointed successfully
25 checkpointed successfully
29 checkpointed successfully
connecting to d1007 port 10000
sending b'resume 29 gpu 1'
connecting to c2190 port 10000
sending b'resume 25 gpu 0'
connecting to c2180 port 10000
sending b'resume 40 gpu 1'
connecting to c2180 port 10000
sending b'resume 48 gpu 5'
job30 has reached step2 complete on K80
job29qualified for demote for passing demote qualify time
P100 promoted jobs:  ['30']
P100 demoted jobs:  ['41']
connecting to c2180 port 10000
sending b'save 30 pid 149819'
connecting to c2190 port 10000
sending b'save 41 pid 139272'
41 checkpointed successfully
30 checkpointed successfully
connecting to c2190 port 10000
sending b'resume 30 gpu 1'
connecting to c2180 port 10000
sending b'resume 41 gpu 7'
job25 has reached step1 complete on P100
job25qualified for demote for passing demote qualify time
job45 has reached step2 complete on K80
P100 promoted jobs:  ['45']
P100 demoted jobs:  ['25']
connecting to c2180 port 10000
sending b'save 45 pid 148397'
connecting to c2190 port 10000
sending b'save 25 pid 139655'
25 checkpointed successfully
45 checkpointed successfully
connecting to c2190 port 10000
sending b'resume 45 gpu 0'
connecting to c2180 port 10000
sending b'resume 25 gpu 4'
job44 has reached step2 complete on K80
job30 has reached step1 complete on P100
job30qualified for demote for passing demote qualify time
V100 finished job: 29
connecting to d1007 port 10000
sending b'start 13 gpu 1'
job13 has reached step1 complete on V100
job13 has been qualified for demotion
job13qualified for demote for profiling
V100 promoted jobs:  ['44']
V100 demoted jobs:  ['13']
connecting to c2180 port 10000
sending b'save 44 pid 143227'
connecting to d1007 port 10000
sending b'save 13 pid 300101'
13 checkpointed successfully
44 checkpointed successfully
connecting to d1007 port 10000
sending b'resume 44 gpu 1'
connecting to c2180 port 10000
sending b'resume 13 gpu 3'
job45 has reached step1 complete on P100
job45qualified for demote for passing demote qualify time
job50 has reached step2 complete on K80
P100 promoted jobs:  ['50']
P100 demoted jobs:  ['30']
connecting to c2180 port 10000
sending b'save 50 pid 141698'
connecting to c2190 port 10000
sending b'save 30 pid 139853'
30 checkpointed successfully
50 checkpointed successfully
connecting to c2190 port 10000
sending b'resume 50 gpu 1'
connecting to c2180 port 10000
sending b'resume 30 gpu 6'
job43qualified for demote for passing demote qualify time
V100 finished job: 43
job44 has reached step1 complete on V100
connecting to d1007 port 10000
sending b'start 49 gpu 0'
K80 finished job: 13
P100 demoted jobs:  ['45']
connecting to c2190 port 10000
sending b'save 45 pid 140054'
45 checkpointed successfully
connecting to c2180 port 10000
sending b'resume 45 gpu 3'
connecting to c2190 port 10000
sending b'start 16 gpu 0'
job16 has reached step1 complete on P100
job16 has been qualified for demotion
job16qualified for demote for profiling
P100 promoted jobs:  ['25']
P100 demoted jobs:  ['16']
connecting to c2180 port 10000
sending b'save 25 pid 154352'
connecting to c2190 port 10000
sending b'save 16 pid 142664'
16 checkpointed successfully
25 checkpointed successfully
connecting to c2190 port 10000
sending b'resume 25 gpu 0'
connecting to c2180 port 10000
sending b'resume 16 gpu 4'
job25qualified for demote for passing demote qualify time
job49 has reached step1 complete on V100
job49 has been qualified for demotion
job49qualified for demote for profiling
V100 promoted jobs:  ['45']
V100 demoted jobs:  ['49']
connecting to c2180 port 10000
sending b'save 45 pid 156982'
connecting to d1007 port 10000
sending b'save 49 pid 301676'
49 checkpointed successfully
45 checkpointed successfully
connecting to d1007 port 10000
sending b'resume 45 gpu 0'
connecting to c2180 port 10000
sending b'resume 49 gpu 3'
job50 has reached step1 complete on P100
job50qualified for demote for passing demote qualify time
P100 finished job: 25
connecting to c2190 port 10000
sending b'start 23 gpu 0'
job23 has reached step1 complete on P100
job23 has been qualified for demotion
job23qualified for demote for profiling
P100 promoted jobs:  ['41']
P100 demoted jobs:  ['23']
connecting to c2180 port 10000
sending b'save 41 pid 154150'
connecting to c2190 port 10000
sending b'save 23 pid 144253'
23 checkpointed successfully
41 checkpointed successfully
connecting to c2190 port 10000
sending b'resume 41 gpu 0'
connecting to c2180 port 10000
sending b'resume 23 gpu 7'
job41qualified for demote for passing demote qualify time
job44qualified for demote for passing demote qualify time
job16 has reached step2 complete on K80
job45qualified for demote for passing demote qualify time
V100 finished job: 44
job23 has reached step2 complete on K80
connecting to d1007 port 10000
sending b'start 10 gpu 1'
V100 finished job: 10
connecting to d1007 port 10000
sending b'start 33 gpu 1'
K80 finished job: 16
P100 demoted jobs:  ['41']
connecting to c2190 port 10000
sending b'save 41 pid 144632'
41 checkpointed successfully
connecting to c2180 port 10000
sending b'resume 41 gpu 4'
connecting to c2190 port 10000
sending b'start 26 gpu 0'
job33 has reached step1 complete on V100
job33 has been qualified for demotion
job33qualified for demote for profiling
V100 promoted jobs:  ['23']
V100 demoted jobs:  ['33']
connecting to c2180 port 10000
sending b'save 23 pid 158995'
connecting to d1007 port 10000
sending b'save 33 pid 305631'
23 checkpointed successfully
33 checkpointed successfully
connecting to d1007 port 10000
sending b'resume 23 gpu 1'
connecting to c2180 port 10000
sending b'resume 33 gpu 7'
job26 has reached step1 complete on P100
job26 has been qualified for demotion
job26qualified for demote for profiling
P100 promoted jobs:  ['41']
P100 demoted jobs:  ['26']
connecting to c2180 port 10000
sending b'save 41 pid 160388'
connecting to c2190 port 10000
sending b'save 26 pid 146054'
26 checkpointed successfully
41 checkpointed successfully
connecting to c2190 port 10000
sending b'resume 41 gpu 0'
connecting to c2180 port 10000
sending b'resume 26 gpu 4'
V100 finished job: 23
job41qualified for demote for passing demote qualify time
connecting to d1007 port 10000
sending b'start 19 gpu 1'
V100 finished job: 45
connecting to d1007 port 10000
sending b'start 28 gpu 0'
job19 has reached step1 complete on V100
job19 has been qualified for demotion
job19qualified for demote for profiling
V100 promoted jobs:  ['30']
V100 demoted jobs:  ['19']
connecting to c2180 port 10000
sending b'save 30 pid 155752'
connecting to d1007 port 10000
sending b'save 19 pid 307419'
19 checkpointed successfully
30 checkpointed successfully
connecting to d1007 port 10000
sending b'resume 30 gpu 1'
connecting to c2180 port 10000
sending b'resume 19 gpu 6'
job30qualified for demote for passing demote qualify time
job28 has reached step1 complete on V100
job28 has been qualified for demotion
job28qualified for demote for profiling
V100 promoted jobs:  ['40']
V100 demoted jobs:  ['28']
connecting to c2180 port 10000
sending b'save 40 pid 153965'
connecting to d1007 port 10000
sending b'save 28 pid 307624'
40 checkpointed successfully
28 checkpointed successfully
connecting to d1007 port 10000
sending b'resume 40 gpu 0'
connecting to c2180 port 10000
sending b'resume 28 gpu 1'
job26 has reached step2 complete on K80
V100 finished job: 30
connecting to d1007 port 10000
sending b'start 17 gpu 1'
job19 has reached step2 complete on K80
P100 promoted jobs:  ['19']
P100 demoted jobs:  ['41']
connecting to c2180 port 10000
sending b'save 19 pid 161863'
connecting to c2190 port 10000
sending b'save 41 pid 147142'
19 checkpointed successfully
41 checkpointed successfully
connecting to c2190 port 10000
sending b'resume 19 gpu 0'
connecting to c2180 port 10000
sending b'resume 41 gpu 6'
job17 has reached step1 complete on V100
job17 has been qualified for demotion
job17qualified for demote for profiling
V100 promoted jobs:  ['26']
V100 demoted jobs:  ['17']
connecting to c2180 port 10000
sending b'save 26 pid 161527'
connecting to d1007 port 10000
sending b'save 17 pid 308867'
26 checkpointed successfully
17 checkpointed successfully
connecting to d1007 port 10000
sending b'resume 26 gpu 1'
connecting to c2180 port 10000
sending b'resume 17 gpu 4'
job26 has reached step1 complete on V100
job19 has reached step1 complete on P100
job40qualified for demote for passing demote qualify time
job19qualified for demote for passing demote qualify time
P100 promoted jobs:  ['41']
P100 demoted jobs:  ['19']
connecting to c2180 port 10000
sending b'save 41 pid 162645'
connecting to c2190 port 10000
sending b'save 19 pid 148215'
19 finished before receiving checkpoint signal
41 checkpointed successfully
connecting to c2190 port 10000
sending b'resume 41 gpu 0'
job19 has finished before checkpointing
V100 finished job: 40
job17 has reached step2 complete on K80
job26qualified for demote for passing demote qualify time
job41qualified for demote for passing demote qualify time
P100 promoted jobs:  ['17']
P100 demoted jobs:  ['50', '41']
connecting to c2180 port 10000
sending b'save 17 pid 162741'
connecting to c2190 port 10000
sending b'save 41 pid 149271'
connecting to c2190 port 10000
sending b'save 50 pid 141442'
17 checkpointed successfully
50 checkpointed successfully
41 checkpointed successfully
connecting to c2190 port 10000
sending b'resume 17 gpu 0'
connecting to c2180 port 10000
sending b'resume 50 gpu 4'
connecting to c2180 port 10000
sending b'resume 41 gpu 6'
connecting to d1007 port 10000
sending b'start 15 gpu 0'
connecting to c2190 port 10000
sending b'start 24 gpu 1'
V100 finished job: 26
connecting to d1007 port 10000
sending b'start 8 gpu 1'
job15 has reached step1 complete on V100
job15 has been qualified for demotion
job15qualified for demote for profiling
V100 promoted jobs:  ['50']
V100 demoted jobs:  ['15']
connecting to c2180 port 10000
sending b'save 50 pid 163914'
connecting to d1007 port 10000
sending b'save 15 pid 310446'
15 finished before receiving checkpoint signal
50 checkpointed successfully
connecting to d1007 port 10000
sending b'resume 50 gpu 0'
job15 has finished before checkpointing
K80 finished job: 37
P100 finished job: 17
P100 finished job: 24
V100 finished job: 8
job50qualified for demote for passing demote qualify time
V100 demoted jobs:  ['50']
connecting to d1007 port 10000
sending b'save 50 pid 312789'
50 checkpointed successfully
connecting to c2180 port 10000
sending b'resume 50 gpu 0'
connecting to d1007 port 10000
sending b'start 36 gpu 0'
connecting to d1007 port 10000
sending b'start 32 gpu 1'
connecting to c2190 port 10000
sending b'start 35 gpu 0'
connecting to c2190 port 10000
sending b'start 46 gpu 1'
job36 has reached step1 complete on V100
job36 has been qualified for demotion
job36qualified for demote for profiling
V100 demoted jobs:  ['36']
connecting to d1007 port 10000
sending b'save 36 pid 313112'
36 checkpointed successfully
connecting to c2180 port 10000
sending b'resume 36 gpu 4'
connecting to d1007 port 10000
sending b'start 14 gpu 0'
job35 has reached step1 complete on P100
job35 has been qualified for demotion
job35qualified for demote for profiling
P100 promoted jobs:  ['50']
P100 demoted jobs:  ['35']
connecting to c2180 port 10000
sending b'save 50 pid 166244'
connecting to c2190 port 10000
sending b'save 35 pid 151801'
35 checkpointed successfully
50 checkpointed successfully
connecting to c2190 port 10000
sending b'resume 50 gpu 0'
connecting to c2180 port 10000
sending b'resume 35 gpu 0'
V100 finished job: 14
job32 has reached step1 complete on V100
job32 has been qualified for demotion
job28 has reached step2 complete on K80
job33 has reached step2 complete on K80
job32qualified for demote for profiling
V100 promoted jobs:  ['41']
V100 demoted jobs:  ['32']
connecting to c2180 port 10000
sending b'save 41 pid 163915'
connecting to d1007 port 10000
sending b'save 32 pid 313183'
32 checkpointed successfully
41 checkpointed successfully
connecting to d1007 port 10000
sending b'resume 41 gpu 0'
connecting to c2180 port 10000
sending b'resume 32 gpu 6'
connecting to d1007 port 10000
sending b'start 42 gpu 1'
job36 has reached step2 complete on K80
job48 has reached step2 complete on K80
job42 has reached step1 complete on V100
job42 has been qualified for demotion
job42qualified for demote for profiling
V100 promoted jobs:  ['48']
V100 demoted jobs:  ['42']
connecting to c2180 port 10000
sending b'save 48 pid 153966'
connecting to d1007 port 10000
sending b'save 42 pid 315774'
42 checkpointed successfully
48 checkpointed successfully
connecting to d1007 port 10000
sending b'resume 48 gpu 1'
connecting to c2180 port 10000
sending b'resume 42 gpu 5'
job48qualified for demote for passing demote qualify time
job50qualified for demote for passing demote qualify time
P100 promoted jobs:  ['28']
P100 demoted jobs:  ['50']
connecting to c2180 port 10000
sending b'save 28 pid 162189'
connecting to c2190 port 10000
sending b'save 50 pid 153915'
50 checkpointed successfully
28 checkpointed successfully
connecting to c2190 port 10000
sending b'resume 28 gpu 0'
connecting to c2180 port 10000
sending b'resume 50 gpu 1'
job35 has reached step2 complete on K80
job46 has reached step1 complete on P100
job46 has been qualified for demotion
job46qualified for demote for profiling
P100 promoted jobs:  ['33']
P100 demoted jobs:  ['46']
connecting to c2180 port 10000
sending b'save 33 pid 160661'
connecting to c2190 port 10000
sending b'save 46 pid 151809'
46 checkpointed successfully
33 checkpointed successfully
connecting to c2190 port 10000
sending b'resume 33 gpu 1'
connecting to c2180 port 10000
sending b'resume 46 gpu 7'
job41qualified for demote for passing demote qualify time
job28 has reached step1 complete on P100
job28qualified for demote for passing demote qualify time
P100 promoted jobs:  ['36']
P100 demoted jobs:  ['28']
connecting to c2180 port 10000
sending b'save 36 pid 166547'
connecting to c2190 port 10000
sending b'save 28 pid 155373'
36 checkpointed successfully
28 checkpointed successfully
connecting to c2190 port 10000
sending b'resume 36 gpu 0'
connecting to c2180 port 10000
sending b'resume 28 gpu 4'
V100 finished job: 41
connecting to d1007 port 10000
sending b'start 20 gpu 0'
job20 has reached step1 complete on V100
job20 has been qualified for demotion
job36 has reached step1 complete on P100
job20qualified for demote for profiling
job36qualified for demote for passing demote qualify time
no new job arrivals
V100 promoted jobs:  ['35']
V100 demoted jobs:  ['20']
connecting to c2180 port 10000
sending b'save 35 pid 168377'
connecting to d1007 port 10000
sending b'save 20 pid 318710'
20 checkpointed successfully
35 checkpointed successfully
connecting to d1007 port 10000
sending b'resume 35 gpu 0'
connecting to c2180 port 10000
sending b'resume 20 gpu 0'
job49 has reached step2 complete on K80
job35 has reached step1 complete on V100
job33 has reached step1 complete on P100
job33qualified for demote for passing demote qualify time
V100 finished job: 35
no new job arrivals
V100 promoted jobs:  ['50']
connecting to c2180 port 10000
sending b'save 50 pid 169860'
50 checkpointed successfully
connecting to d1007 port 10000
sending b'resume 50 gpu 0'
job20 has reached step2 complete on K80
job50qualified for demote for passing demote qualify time
P100 finished job: 33
no new job arrivals
P100 promoted jobs:  ['20']
connecting to c2180 port 10000
sending b'save 20 pid 171382'
20 checkpointed successfully
connecting to c2190 port 10000
sending b'resume 20 gpu 1'
job20 has reached step1 complete on P100
job20qualified for demote for passing demote qualify time
P100 finished job: 20
no new job arrivals
P100 promoted jobs:  ['49']
connecting to c2180 port 10000
sending b'save 49 pid 157939'
49 checkpointed successfully
connecting to c2190 port 10000
sending b'resume 49 gpu 1'
job32 has reached step2 complete on K80
P100 finished job: 36
no new job arrivals
P100 promoted jobs:  ['32']
connecting to c2180 port 10000
sending b'save 32 pid 168526'
32 checkpointed successfully
connecting to c2190 port 10000
sending b'resume 32 gpu 0'
job47 has reached step2 complete on K80
P100 finished job: 32
job42 has reached step2 complete on K80
no new job arrivals
P100 promoted jobs:  ['42']
connecting to c2180 port 10000
sending b'save 42 pid 169509'
42 checkpointed successfully
connecting to c2190 port 10000
sending b'resume 42 gpu 0'
job49 has reached step1 complete on P100
job49qualified for demote for passing demote qualify time
K80 finished job: 28
job42 has reached step1 complete on P100
job42qualified for demote for passing demote qualify time
job46 has reached step2 complete on K80
P100 finished job: 42
no new job arrivals
P100 promoted jobs:  ['47']
connecting to c2180 port 10000
sending b'save 47 pid 153581'
47 checkpointed successfully
connecting to c2190 port 10000
sending b'resume 47 gpu 0'
job47qualified for demote for passing demote qualify time
V100 finished job: 50
no new job arrivals
V100 promoted jobs:  ['46']
connecting to c2180 port 10000
sending b'save 46 pid 170293'
46 checkpointed successfully
connecting to d1007 port 10000
sending b'resume 46 gpu 0'
V100 finished job: 48
no new job arrivals
jobs promoted from P100 to V100
V100 promoted jobs:  ['47']
connecting to c2190 port 10000
sending b'save 47 pid 173286'
47 checkpointed successfully
connecting to d1007 port 10000
sending b'resume 47 gpu 1'
job46 has reached step1 complete on V100
job47 has reached step1 complete on V100
job47qualified for demote for passing demote qualify time
job46qualified for demote for passing demote qualify time
P100 finished job: 49
V100 finished job: 47
V100 finished job: 46
all jobs are finished!
finished all runs
