starting up on c0172 port 10002
connecting to d1015 port 10000
sending b'start 99 gpu 0'
connecting to d1015 port 10000
sending b'measure 99 gpu 0'
connecting to d1015 port 10000
sending b'start 51 gpu 1'
connecting to d1015 port 10000
sending b'measure 51 gpu 1'
job51 has reached step1 complete on V100
connecting to d1015 port 10000
sending b'kill 51'
job51 has been qualified for demotion
job51qualified for demote for profiling
connecting to d1015 port 10000
sending b'start 88 gpu 2'
connecting to d1015 port 10000
sending b'measure 88 gpu 2'
V100 finished job: 51
connecting to d1015 port 10000
sending b'start 10 gpu 1'
connecting to d1015 port 10000
sending b'measure 10 gpu 1'
connecting to d1015 port 10000
sending b'start 42 gpu 3'
connecting to d1015 port 10000
sending b'measure 42 gpu 3'
V100 finished job: 10
connecting to d1015 port 10000
sending b'start 16 gpu 1'
connecting to d1015 port 10000
sending b'measure 16 gpu 1'
connecting to c2189 port 10000
sending b'start 90 gpu 0'
connecting to c2189 port 10000
sending b'measure 90 gpu 0'
connecting to c2189 port 10000
sending b'start 70 gpu 1'
connecting to c2189 port 10000
sending b'measure 70 gpu 1'
job88 has reached step1 complete on V100
connecting to d1015 port 10000
sending b'kill 88'
job88 has been qualified for demotion
job88qualified for demote for profiling
connecting to c2189 port 10000
sending b'start 23 gpu 2'
connecting to c2189 port 10000
sending b'measure 23 gpu 2'
connecting to c2189 port 10000
sending b'start 4 gpu 3'
connecting to c2189 port 10000
sending b'measure 4 gpu 3'
job16 has reached step1 complete on V100
connecting to d1015 port 10000
sending b'kill 16'
job16 has been qualified for demotion
job90 has reached step1 complete on P100
job70 has reached step1 complete on P100
connecting to c2189 port 10000
sending b'kill 90'
job90 has been qualified for demotion
connecting to c2189 port 10000
sending b'kill 70'
job70 has been qualified for demotion
job16qualified for demote for profiling
job90qualified for demote for profiling
job70qualified for demote for profiling
P100 demoted jobs:  ['70']
connecting to c2189 port 10000
sending b'save 70 pid 192305'
70 checkpointed successfully
connecting to c2179 port 10000
sending b'resume 70 gpu 0'
connecting to c2189 port 10000
sending b'start 72 gpu 1'
connecting to c2189 port 10000
sending b'measure 72 gpu 1'
P100 finished job: 4
job23 has reached step1 complete on P100
connecting to c2189 port 10000
sending b'kill 23'
job23 has been qualified for demotion
job23qualified for demote for profiling
V100 demoted jobs:  ['88']
connecting to d1015 port 10000
sending b'save 88 pid 439227'
88 checkpointed successfully
connecting to c2179 port 10000
sending b'resume 88 gpu 1'
connecting to d1015 port 10000
sending b'start 28 gpu 2'
connecting to d1015 port 10000
sending b'measure 28 gpu 2'
connecting to c2189 port 10000
sending b'start 98 gpu 3'
connecting to c2189 port 10000
sending b'measure 98 gpu 3'
V100 finished job: 16
P100 demoted jobs:  ['23']
connecting to c2189 port 10000
sending b'save 23 pid 192634'
23 checkpointed successfully
connecting to c2179 port 10000
sending b'resume 23 gpu 2'
connecting to d1015 port 10000
sending b'start 8 gpu 1'
connecting to d1015 port 10000
sending b'measure 8 gpu 1'
connecting to c2189 port 10000
sending b'start 3 gpu 2'
connecting to c2189 port 10000
sending b'measure 3 gpu 2'
job70 has reached step2 complete on K80
P100 demoted jobs:  ['90']
connecting to c2189 port 10000
sending b'save 90 pid 192255'
90 checkpointed successfully
connecting to c2179 port 10000
sending b'resume 90 gpu 3'
connecting to c2189 port 10000
sending b'start 11 gpu 0'
connecting to c2189 port 10000
sending b'measure 11 gpu 0'
V100 finished job: 8
connecting to d1015 port 10000
sending b'start 25 gpu 1'
connecting to d1015 port 10000
sending b'measure 25 gpu 1'
P100 finished job: 3
job42 has reached step1 complete on V100
connecting to d1015 port 10000
sending b'kill 42'
job42 has been qualified for demotion
job72 has reached step1 complete on P100
connecting to c2189 port 10000
sending b'kill 72'
job72 has been qualified for demotion
job42qualified for demote for profiling
job72qualified for demote for profiling
V100 demoted jobs:  ['42']
connecting to d1015 port 10000
sending b'save 42 pid 439634'
42 checkpointed successfully
connecting to c2179 port 10000
sending b'resume 42 gpu 4'
connecting to d1015 port 10000
sending b'start 66 gpu 3'
connecting to d1015 port 10000
sending b'measure 66 gpu 3'
connecting to c2189 port 10000
sending b'start 50 gpu 2'
connecting to c2189 port 10000
sending b'measure 50 gpu 2'
job25 has reached step1 complete on V100
job28 has reached step1 complete on V100
connecting to d1015 port 10000
sending b'kill 25'
job25 has been qualified for demotion
connecting to d1015 port 10000
sending b'kill 28'
job28 has been qualified for demotion
job11 has reached step1 complete on P100
connecting to c2189 port 10000
sending b'kill 11'
job11 has been qualified for demotion
job88 has reached step2 complete on K80
job25qualified for demote for profiling
job28qualified for demote for profiling
job11qualified for demote for profiling
V100 demoted jobs:  ['25']
P100 demoted jobs:  ['11', '72']
connecting to c2189 port 10000
sending b'save 11 pid 193809'
connecting to c2189 port 10000
sending b'save 72 pid 193092'
connecting to d1015 port 10000
sending b'save 25 pid 440967'
11 checkpointed successfully
72 checkpointed successfully
25 checkpointed successfully
connecting to c2179 port 10000
sending b'resume 11 gpu 5'
connecting to c2179 port 10000
sending b'resume 72 gpu 6'
connecting to c2179 port 10000
sending b'resume 25 gpu 7'
connecting to d1015 port 10000
sending b'start 60 gpu 1'
connecting to d1015 port 10000
sending b'measure 60 gpu 1'
connecting to c2189 port 10000
sending b'start 21 gpu 0'
connecting to c2189 port 10000
sending b'measure 21 gpu 0'
connecting to c2189 port 10000
sending b'start 79 gpu 1'
connecting to c2189 port 10000
sending b'measure 79 gpu 1'
job99 has reached step1 complete on V100
job60 has reached step1 complete on V100
job66 has reached step1 complete on V100
connecting to d1015 port 10000
sending b'kill 99'
job99 has been qualified for demotion
connecting to d1015 port 10000
sending b'kill 60'
job60 has been qualified for demotion
connecting to d1015 port 10000
sending b'kill 66'
job66 has been qualified for demotion
job23 has reached step2 complete on K80
job99qualified for demote for profiling
job60qualified for demote for profiling
job66qualified for demote for profiling
V100 promoted jobs:  ['23']
V100 demoted jobs:  ['66', '28', '99']
connecting to c2179 port 10000
sending b'save 23 pid 66111'
connecting to d1015 port 10000
sending b'save 99 pid 438846'
connecting to d1015 port 10000
sending b'save 28 pid 440389'
connecting to d1015 port 10000
sending b'save 66 pid 441225'
23 checkpointed successfully
28 checkpointed successfully
66 checkpointed successfully
99 checkpointed successfully
connecting to d1015 port 10000
sending b'resume 23 gpu 0'
connecting to c2179 port 10000
sending b'resume 66 gpu 2'
connecting to c2183 port 10000
sending b'resume 28 gpu 0'
connecting to c2183 port 10000
sending b'resume 99 gpu 1'
connecting to d1015 port 10000
sending b'start 1 gpu 2'
connecting to d1015 port 10000
sending b'measure 1 gpu 2'
connecting to d1015 port 10000
sending b'start 22 gpu 3'
connecting to d1015 port 10000
sending b'measure 22 gpu 3'
K80 finished job: 70
K80 finished job: 11
V100 finished job: 60
V100 finished job: 1
job90 has reached step2 complete on K80
job25 has reached step2 complete on K80
connecting to d1015 port 10000
sending b'start 74 gpu 1'
connecting to d1015 port 10000
sending b'measure 74 gpu 1'
connecting to d1015 port 10000
sending b'start 39 gpu 2'
connecting to d1015 port 10000
sending b'measure 39 gpu 2'
job23 has reached step1 complete on V100
job21 has reached step1 complete on P100
connecting to c2189 port 10000
sending b'kill 21'
job21 has been qualified for demotion
job21qualified for demote for profiling
P100 demoted jobs:  ['21']
connecting to c2189 port 10000
sending b'save 21 pid 194432'
21 checkpointed successfully
connecting to c2179 port 10000
sending b'resume 21 gpu 0'
connecting to c2189 port 10000
sending b'start 45 gpu 0'
connecting to c2189 port 10000
sending b'measure 45 gpu 0'
job23qualified for demote for passing demote qualify time
V100 demoted jobs:  ['23']
connecting to d1015 port 10000
sending b'save 23 pid 442348'
23 checkpointed successfully
connecting to c2179 port 10000
sending b'resume 23 gpu 5'
connecting to d1015 port 10000
sending b'start 7 gpu 0'
connecting to d1015 port 10000
sending b'measure 7 gpu 0'
job22 has reached step1 complete on V100
connecting to d1015 port 10000
sending b'kill 22'
job22 has been qualified for demotion
job22qualified for demote for profiling
V100 demoted jobs:  ['22']
connecting to d1015 port 10000
sending b'save 22 pid 442703'
22 checkpointed successfully
connecting to c2183 port 10000
sending b'resume 22 gpu 2'
connecting to d1015 port 10000
sending b'start 37 gpu 3'
connecting to d1015 port 10000
sending b'measure 37 gpu 3'
V100 finished job: 7
connecting to d1015 port 10000
sending b'start 77 gpu 0'
connecting to d1015 port 10000
sending b'measure 77 gpu 0'
job39 has reached step1 complete on V100
connecting to d1015 port 10000
sending b'kill 39'
job39 has been qualified for demotion
job79 has reached step1 complete on P100
connecting to c2189 port 10000
sending b'kill 79'
job79 has been qualified for demotion
job39qualified for demote for profiling
job79qualified for demote for profiling
V100 demoted jobs:  ['39']
P100 demoted jobs:  ['79']
connecting to c2189 port 10000
sending b'save 79 pid 194473'
connecting to d1015 port 10000
sending b'save 39 pid 444119'
39 checkpointed successfully
79 checkpointed successfully
connecting to c2183 port 10000
sending b'resume 39 gpu 3'
connecting to c2183 port 10000
sending b'resume 79 gpu 4'
connecting to d1015 port 10000
sending b'start 56 gpu 2'
connecting to d1015 port 10000
sending b'measure 56 gpu 2'
connecting to c2189 port 10000
sending b'start 68 gpu 1'
connecting to c2189 port 10000
sending b'measure 68 gpu 1'
job77 has reached step1 complete on V100
job74 has reached step1 complete on V100
job56 has reached step1 complete on V100
connecting to d1015 port 10000
sending b'kill 77'
job77 has been qualified for demotion
connecting to d1015 port 10000
sending b'kill 74'
job74 has been qualified for demotion
connecting to d1015 port 10000
sending b'kill 56'
job56 has been qualified for demotion
job21 has reached step2 complete on K80
job77qualified for demote for profiling
job74qualified for demote for profiling
job56qualified for demote for profiling
V100 demoted jobs:  ['74', '77', '56']
connecting to d1015 port 10000
sending b'save 77 pid 445505'
connecting to d1015 port 10000
sending b'save 74 pid 443956'
connecting to d1015 port 10000
sending b'save 56 pid 445768'
77 checkpointed successfully
74 checkpointed successfully
56 finished before receiving checkpoint signal
connecting to c2183 port 10000
sending b'resume 74 gpu 5'
connecting to c2183 port 10000
sending b'resume 77 gpu 6'
job56 has finished before checkpointing
connecting to d1015 port 10000
sending b'start 91 gpu 0'
connecting to d1015 port 10000
sending b'measure 91 gpu 0'
connecting to d1015 port 10000
sending b'start 78 gpu 1'
connecting to d1015 port 10000
sending b'measure 78 gpu 1'
connecting to d1015 port 10000
sending b'start 65 gpu 2'
connecting to d1015 port 10000
sending b'measure 65 gpu 2'
K80 finished job: 66
job37 has reached step1 complete on V100
connecting to d1015 port 10000
sending b'kill 37'
job37 has been qualified for demotion
job72 has reached step2 complete on K80
job28 has reached step2 complete on K80
job37qualified for demote for profiling
V100 demoted jobs:  ['37']
connecting to d1015 port 10000
sending b'save 37 pid 445268'
37 checkpointed successfully
connecting to c2179 port 10000
sending b'resume 37 gpu 2'
connecting to d1015 port 10000
sending b'start 97 gpu 3'
connecting to d1015 port 10000
sending b'measure 97 gpu 3'
job65 has reached step1 complete on V100
connecting to d1015 port 10000
sending b'kill 65'
job65 has been qualified for demotion
job45 has reached step1 complete on P100
job98 has reached step1 complete on P100
connecting to c2189 port 10000
sending b'kill 45'
job45 has been qualified for demotion
connecting to c2189 port 10000
sending b'kill 98'
job98 has been qualified for demotion
job42 has reached step2 complete on K80
job65qualified for demote for profiling
job45qualified for demote for profiling
job98qualified for demote for profiling
V100 promoted jobs:  ['90']
V100 demoted jobs:  ['65']
P100 demoted jobs:  ['45']
connecting to c2179 port 10000
sending b'save 90 pid 66363'
connecting to c2189 port 10000
sending b'save 45 pid 195067'
connecting to d1015 port 10000
sending b'save 65 pid 446318'
90 checkpointed successfully
45 checkpointed successfully
65 checkpointed successfully
connecting to d1015 port 10000
sending b'resume 90 gpu 2'
connecting to c2179 port 10000
sending b'resume 65 gpu 3'
connecting to c2183 port 10000
sending b'resume 45 gpu 7'
connecting to c2189 port 10000
sending b'start 84 gpu 0'
connecting to c2189 port 10000
sending b'measure 84 gpu 0'
job68 has reached step1 complete on P100
connecting to c2189 port 10000
sending b'kill 68'
job68 has been qualified for demotion
job77 has reached step2 complete on K80
job68qualified for demote for profiling
job90 has reached step1 complete on V100
K80 finished job: 65
job78 has reached step1 complete on V100
connecting to d1015 port 10000
sending b'kill 78'
job78 has been qualified for demotion
job78qualified for demote for profiling
job90qualified for demote for passing demote qualify time
P100 demoted jobs:  ['68']
connecting to c2189 port 10000
sending b'save 68 pid 195625'
68 checkpointed successfully
connecting to c2179 port 10000
sending b'resume 68 gpu 3'
connecting to c2189 port 10000
sending b'start 14 gpu 1'
connecting to c2189 port 10000
sending b'measure 14 gpu 1'
job22 has reached step2 complete on K80
job91 has reached step1 complete on V100
connecting to d1015 port 10000
sending b'kill 91'
job91 has been qualified for demotion
job50 has reached step1 complete on P100
connecting to c2189 port 10000
sending b'kill 50'
job50 has been qualified for demotion
job91qualified for demote for profiling
job50qualified for demote for profiling
P100 promoted jobs:  ['23']
P100 demoted jobs:  ['50']
connecting to c2179 port 10000
sending b'save 23 pid 68065'
connecting to c2189 port 10000
sending b'save 50 pid 194170'
23 checkpointed successfully
50 checkpointed successfully
connecting to c2189 port 10000
sending b'resume 23 gpu 2'
connecting to c2179 port 10000
sending b'resume 50 gpu 5'
job39 has reached step2 complete on K80
job23qualified for demote for passing demote qualify time
K80 finished job: 25
job84 has reached step1 complete on P100
connecting to c2189 port 10000
sending b'kill 84'
job84 has been qualified for demotion
job84qualified for demote for profiling
P100 demoted jobs:  ['84']
connecting to c2189 port 10000
sending b'save 84 pid 196138'
84 checkpointed successfully
connecting to c2179 port 10000
sending b'resume 84 gpu 7'
connecting to c2189 port 10000
sending b'start 46 gpu 0'
connecting to c2189 port 10000
sending b'measure 46 gpu 0'
job14 has reached step1 complete on P100
connecting to c2189 port 10000
sending b'kill 14'
job14 has been qualified for demotion
job99 has reached step2 complete on K80
job74 has reached step2 complete on K80
job14qualified for demote for profiling
job45 has reached step2 complete on K80
P100 finished job: 14
connecting to c2189 port 10000
sending b'start 13 gpu 1'
connecting to c2189 port 10000
sending b'measure 13 gpu 1'
job79 has reached step2 complete on K80
job68 has reached step2 complete on K80
P100 finished job: 23
connecting to c2189 port 10000
sending b'start 67 gpu 2'
connecting to c2189 port 10000
sending b'measure 67 gpu 2'
K80 finished job: 68
job13 has reached step1 complete on P100
connecting to c2189 port 10000
sending b'kill 13'
job13 has been qualified for demotion
job37 has reached step2 complete on K80
job13qualified for demote for profiling
P100 demoted jobs:  ['13']
connecting to c2189 port 10000
sending b'save 13 pid 1172'
13 checkpointed successfully
connecting to c2179 port 10000
sending b'resume 13 gpu 3'
connecting to c2189 port 10000
sending b'start 43 gpu 1'
connecting to c2189 port 10000
sending b'measure 43 gpu 1'
K80 finished job: 74
job67 has reached step1 complete on P100
connecting to c2189 port 10000
sending b'kill 67'
job67 has been qualified for demotion
job67qualified for demote for profiling
P100 demoted jobs:  ['67']
connecting to c2189 port 10000
sending b'save 67 pid 1539'
67 checkpointed successfully
connecting to c2183 port 10000
sending b'resume 67 gpu 5'
connecting to c2189 port 10000
sending b'start 81 gpu 2'
connecting to c2189 port 10000
sending b'measure 81 gpu 2'
V100 finished job: 78
connecting to d1015 port 10000
sending b'start 15 gpu 1'
connecting to d1015 port 10000
sending b'measure 15 gpu 1'
job15 has reached step1 complete on V100
connecting to d1015 port 10000
sending b'kill 15'
job15 has been qualified for demotion
job67 has reached step2 complete on K80
job15qualified for demote for profiling
V100 promoted jobs:  ['67']
V100 demoted jobs:  ['15']
connecting to c2183 port 10000
sending b'save 67 pid 55368'
connecting to d1015 port 10000
sending b'save 15 pid 450735'
67 checkpointed successfully
15 checkpointed successfully
connecting to d1015 port 10000
sending b'resume 67 gpu 1'
connecting to c2183 port 10000
sending b'resume 15 gpu 5'
K80 finished job: 13
job81 has reached step1 complete on P100
connecting to c2189 port 10000
sending b'kill 81'
job81 has been qualified for demotion
job81qualified for demote for profiling
P100 demoted jobs:  ['81']
connecting to c2189 port 10000
sending b'save 81 pid 2005'
81 checkpointed successfully
connecting to c2179 port 10000
sending b'resume 81 gpu 3'
connecting to c2189 port 10000
sending b'start 26 gpu 2'
connecting to c2189 port 10000
sending b'measure 26 gpu 2'
job67 has reached step1 complete on V100
job97 has reached step1 complete on V100
connecting to d1015 port 10000
sending b'kill 97'
job97 has been qualified for demotion
job84 has reached step2 complete on K80
job97qualified for demote for profiling
V100 promoted jobs:  ['21']
V100 demoted jobs:  ['97']
connecting to c2179 port 10000
sending b'save 21 pid 67860'
connecting to d1015 port 10000
sending b'save 97 pid 446577'
21 checkpointed successfully
97 checkpointed successfully
connecting to d1015 port 10000
sending b'resume 21 gpu 3'
connecting to c2179 port 10000
sending b'resume 97 gpu 0'
job15 has reached step2 complete on K80
job67qualified for demote for passing demote qualify time
K80 finished job: 15
job26 has reached step1 complete on P100
connecting to c2189 port 10000
sending b'kill 26'
job26 has been qualified for demotion
job26qualified for demote for profiling
P100 demoted jobs:  ['26']
connecting to c2189 port 10000
sending b'save 26 pid 2645'
26 checkpointed successfully
connecting to c2183 port 10000
sending b'resume 26 gpu 5'
connecting to c2189 port 10000
sending b'start 17 gpu 2'
connecting to c2189 port 10000
sending b'measure 17 gpu 2'
V100 finished job: 67
V100 finished job: 90
V100 finished job: 21
connecting to d1015 port 10000
sending b'start 93 gpu 1'
connecting to d1015 port 10000
sending b'measure 93 gpu 1'
connecting to d1015 port 10000
sending b'start 63 gpu 2'
connecting to d1015 port 10000
sending b'measure 63 gpu 2'
connecting to d1015 port 10000
sending b'start 12 gpu 3'
connecting to d1015 port 10000
sending b'measure 12 gpu 3'
job43 has reached step1 complete on P100
job17 has reached step1 complete on P100
connecting to c2189 port 10000
sending b'kill 43'
job43 has been qualified for demotion
connecting to c2189 port 10000
sending b'kill 17'
job17 has been qualified for demotion
job43qualified for demote for profiling
job17qualified for demote for profiling
P100 promoted jobs:  ['22']
P100 demoted jobs:  ['43']
connecting to c2183 port 10000
sending b'save 22 pid 52736'
connecting to c2189 port 10000
sending b'save 43 pid 1789'
22 checkpointed successfully
43 checkpointed successfully
connecting to c2189 port 10000
sending b'resume 22 gpu 1'
connecting to c2183 port 10000
sending b'resume 43 gpu 2'
K80 finished job: 72
V100 finished job: 12
job63 has reached step1 complete on V100
connecting to d1015 port 10000
sending b'kill 63'
job63 has been qualified for demotion
job50 has reached step2 complete on K80
job63qualified for demote for profiling
P100 demoted jobs:  ['17']
connecting to c2189 port 10000
sending b'save 17 pid 3075'
17 checkpointed successfully
connecting to c2179 port 10000
sending b'resume 17 gpu 6'
connecting to d1015 port 10000
sending b'start 27 gpu 3'
connecting to d1015 port 10000
sending b'measure 27 gpu 3'
connecting to c2189 port 10000
sending b'start 48 gpu 2'
connecting to c2189 port 10000
sending b'measure 48 gpu 2'
K80 finished job: 77
V100 finished job: 63
P100 demoted jobs:  ['98']
connecting to c2189 port 10000
sending b'save 98 pid 193341'
98 checkpointed successfully
connecting to c2183 port 10000
sending b'resume 98 gpu 6'
connecting to d1015 port 10000
sending b'start 62 gpu 2'
connecting to d1015 port 10000
sending b'measure 62 gpu 2'
connecting to c2189 port 10000
sending b'start 61 gpu 3'
connecting to c2189 port 10000
sending b'measure 61 gpu 3'
K80 finished job: 88
K80 finished job: 28
job62 has reached step1 complete on V100
job27 has reached step1 complete on V100
connecting to d1015 port 10000
sending b'kill 62'
job62 has been qualified for demotion
connecting to d1015 port 10000
sending b'kill 27'
job27 has been qualified for demotion
job81 has reached step2 complete on K80
job26 has reached step2 complete on K80
job62qualified for demote for profiling
job27qualified for demote for profiling
V100 demoted jobs:  ['27', '91']
connecting to d1015 port 10000
sending b'save 91 pid 446043'
connecting to d1015 port 10000
sending b'save 27 pid 452435'
91 checkpointed successfully
27 checkpointed successfully
connecting to c2179 port 10000
sending b'resume 27 gpu 1'
connecting to c2183 port 10000
sending b'resume 91 gpu 0'
connecting to d1015 port 10000
sending b'start 54 gpu 0'
connecting to d1015 port 10000
sending b'measure 54 gpu 0'
connecting to d1015 port 10000
sending b'start 47 gpu 3'
connecting to d1015 port 10000
sending b'measure 47 gpu 3'
V100 finished job: 62
connecting to d1015 port 10000
sending b'start 58 gpu 2'
connecting to d1015 port 10000
sending b'measure 58 gpu 2'
V100 finished job: 54
job61 has reached step1 complete on P100
connecting to c2189 port 10000
sending b'kill 61'
job61 has been qualified for demotion
job17 has reached step2 complete on K80
job61qualified for demote for profiling
connecting to d1015 port 10000
sending b'start 44 gpu 0'
connecting to d1015 port 10000
sending b'measure 44 gpu 0'
P100 finished job: 22
P100 finished job: 61
V100 finished job: 58
job93 has reached step1 complete on V100
connecting to d1015 port 10000
sending b'kill 93'
job93 has been qualified for demotion
job93qualified for demote for profiling
connecting to d1015 port 10000
sending b'start 75 gpu 2'
connecting to d1015 port 10000
sending b'measure 75 gpu 2'
connecting to c2189 port 10000
sending b'start 89 gpu 1'
connecting to c2189 port 10000
sending b'measure 89 gpu 1'
connecting to c2189 port 10000
sending b'start 87 gpu 3'
connecting to c2189 port 10000
sending b'measure 87 gpu 3'
job27 has reached step2 complete on K80
job75 has reached step1 complete on V100
connecting to d1015 port 10000
sending b'kill 75'
job75 has been qualified for demotion
job75qualified for demote for profiling
V100 promoted jobs:  ['17']
V100 demoted jobs:  ['75']
connecting to c2179 port 10000
sending b'save 17 pid 72363'
connecting to d1015 port 10000
sending b'save 75 pid 456003'
17 checkpointed successfully
75 checkpointed successfully
connecting to d1015 port 10000
sending b'resume 17 gpu 2'
connecting to c2179 port 10000
sending b'resume 75 gpu 6'
job17 has reached step1 complete on V100
job17qualified for demote for passing demote qualify time
V100 finished job: 17
job75 has reached step2 complete on K80
connecting to d1015 port 10000
sending b'start 64 gpu 2'
connecting to d1015 port 10000
sending b'measure 64 gpu 2'
job46 has reached step1 complete on P100
job89 has reached step1 complete on P100
connecting to c2189 port 10000
sending b'kill 46'
job46 has been qualified for demotion
connecting to c2189 port 10000
sending b'kill 89'
job89 has been qualified for demotion
job46qualified for demote for profiling
job89qualified for demote for profiling
P100 promoted jobs:  ['26', '37']
P100 demoted jobs:  ['89', '46']
connecting to c2179 port 10000
sending b'save 37 pid 68794'
connecting to c2183 port 10000
sending b'save 26 pid 56411'
connecting to c2189 port 10000
sending b'save 46 pid 841'
connecting to c2189 port 10000
sending b'save 89 pid 4447'
37 checkpointed successfully
26 checkpointed successfully
89 checkpointed successfully
46 checkpointed successfully
connecting to c2189 port 10000
sending b'resume 26 gpu 0'
connecting to c2189 port 10000
sending b'resume 37 gpu 1'
connecting to c2179 port 10000
sending b'resume 89 gpu 2'
connecting to c2183 port 10000
sending b'resume 46 gpu 5'
job87 has reached step1 complete on P100
connecting to c2189 port 10000
sending b'kill 87'
job87 has been qualified for demotion
job26qualified for demote for passing demote qualify time
job87qualified for demote for profiling
V100 finished job: 64
job44 has reached step1 complete on V100
connecting to d1015 port 10000
sending b'kill 44'
job44 has been qualified for demotion
job43 has reached step2 complete on K80
job44qualified for demote for profiling
V100 promoted jobs:  ['79']
V100 demoted jobs:  ['44']
connecting to c2183 port 10000
sending b'save 79 pid 53126'
connecting to d1015 port 10000
sending b'save 44 pid 455207'
79 checkpointed successfully
44 checkpointed successfully
connecting to d1015 port 10000
sending b'resume 79 gpu 0'
connecting to c2183 port 10000
sending b'resume 44 gpu 4'
connecting to d1015 port 10000
sending b'start 71 gpu 2'
connecting to d1015 port 10000
sending b'measure 71 gpu 2'
job71 has reached step1 complete on V100
connecting to d1015 port 10000
sending b'kill 71'
job71 has been qualified for demotion
job71qualified for demote for profiling
job48 has reached step1 complete on P100
connecting to c2189 port 10000
sending b'kill 48'
job48 has been qualified for demotion
job48qualified for demote for profiling
job37 has reached step1 complete on P100
job37qualified for demote for passing demote qualify time
job79 has reached step1 complete on V100
V100 finished job: 79
job89 has reached step2 complete on K80
connecting to d1015 port 10000
sending b'start 20 gpu 0'
connecting to d1015 port 10000
sending b'measure 20 gpu 0'
V100 finished job: 71
job20 has reached step1 complete on V100
job47 has reached step1 complete on V100
connecting to d1015 port 10000
sending b'kill 20'
job20 has been qualified for demotion
connecting to d1015 port 10000
sending b'kill 47'
job47 has been qualified for demotion
job91 has reached step2 complete on K80
job20qualified for demote for profiling
job47qualified for demote for profiling
V100 promoted jobs:  ['81', '91']
V100 demoted jobs:  ['47', '20']
connecting to c2179 port 10000
sending b'save 81 pid 71448'
connecting to c2183 port 10000
sending b'save 91 pid 57388'
connecting to d1015 port 10000
sending b'save 20 pid 458272'
connecting to d1015 port 10000
sending b'save 47 pid 452988'
81 checkpointed successfully
91 checkpointed successfully
20 checkpointed successfully
47 checkpointed successfully
connecting to d1015 port 10000
sending b'resume 81 gpu 0'
connecting to d1015 port 10000
sending b'resume 91 gpu 2'
connecting to c2179 port 10000
sending b'resume 47 gpu 3'
connecting to c2183 port 10000
sending b'resume 20 gpu 0'
connecting to d1015 port 10000
sending b'start 41 gpu 3'
connecting to d1015 port 10000
sending b'measure 41 gpu 3'
job91qualified for demote for passing demote qualify time
job81 has reached step1 complete on V100
K80 finished job: 75
job20 has reached step2 complete on K80
job81qualified for demote for passing demote qualify time
P100 demoted jobs:  ['37']
connecting to c2189 port 10000
sending b'save 37 pid 5441'
37 checkpointed successfully
connecting to c2179 port 10000
sending b'resume 37 gpu 6'
connecting to c2189 port 10000
sending b'start 49 gpu 1'
connecting to c2189 port 10000
sending b'measure 49 gpu 1'
job41 has reached step1 complete on V100
connecting to d1015 port 10000
sending b'kill 41'
job41 has been qualified for demotion
job97 has reached step2 complete on K80
job44 has reached step2 complete on K80
job41qualified for demote for profiling
K80 finished job: 20
P100 demoted jobs:  ['87']
connecting to c2189 port 10000
sending b'save 87 pid 4582'
87 checkpointed successfully
connecting to c2183 port 10000
sending b'resume 87 gpu 0'
connecting to c2189 port 10000
sending b'start 53 gpu 3'
connecting to c2189 port 10000
sending b'measure 53 gpu 3'
K80 finished job: 27
P100 demoted jobs:  ['26']
connecting to c2189 port 10000
sending b'save 26 pid 5440'
26 checkpointed successfully
connecting to c2179 port 10000
sending b'resume 26 gpu 1'
connecting to c2189 port 10000
sending b'start 52 gpu 0'
connecting to c2189 port 10000
sending b'measure 52 gpu 0'
K80 finished job: 39
P100 finished job: 52
P100 finished job: 53
P100 demoted jobs:  ['48']
connecting to c2189 port 10000
sending b'save 48 pid 3686'
48 checkpointed successfully
connecting to c2183 port 10000
sending b'resume 48 gpu 3'
connecting to c2189 port 10000
sending b'start 55 gpu 0'
connecting to c2189 port 10000
sending b'measure 55 gpu 0'
connecting to c2189 port 10000
sending b'start 32 gpu 2'
connecting to c2189 port 10000
sending b'measure 32 gpu 2'
connecting to c2189 port 10000
sending b'start 57 gpu 3'
connecting to c2189 port 10000
sending b'measure 57 gpu 3'
V100 finished job: 81
connecting to d1015 port 10000
sending b'start 69 gpu 0'
connecting to d1015 port 10000
sending b'measure 69 gpu 0'
P100 finished job: 55
connecting to c2189 port 10000
sending b'start 40 gpu 0'
connecting to c2189 port 10000
sending b'measure 40 gpu 0'
P100 finished job: 57
job69 has reached step1 complete on V100
connecting to d1015 port 10000
sending b'kill 69'
job69 has been qualified for demotion
job98 has reached step2 complete on K80
job69qualified for demote for profiling
connecting to c2189 port 10000
sending b'start 86 gpu 3'
connecting to c2189 port 10000
sending b'measure 86 gpu 3'
job40 has reached step1 complete on P100
connecting to c2189 port 10000
sending b'kill 40'
job40 has been qualified for demotion
job40qualified for demote for profiling
V100 finished job: 69
connecting to d1015 port 10000
sending b'start 73 gpu 0'
connecting to d1015 port 10000
sending b'measure 73 gpu 0'
job32 has reached step1 complete on P100
job86 has reached step1 complete on P100
connecting to c2189 port 10000
sending b'kill 32'
job32 has been qualified for demotion
connecting to c2189 port 10000
sending b'kill 86'
job86 has been qualified for demotion
job32qualified for demote for profiling
job86qualified for demote for profiling
job73 has reached step1 complete on V100
connecting to d1015 port 10000
sending b'kill 73'
job73 has been qualified for demotion
job73qualified for demote for profiling
job49 has reached step1 complete on P100
connecting to c2189 port 10000
sending b'kill 49'
job49 has been qualified for demotion
job46 has reached step2 complete on K80
job49qualified for demote for profiling
P100 promoted jobs:  ['26']
P100 demoted jobs:  ['49']
connecting to c2179 port 10000
sending b'save 26 pid 76452'
connecting to c2189 port 10000
sending b'save 49 pid 7163'
26 checkpointed successfully
49 checkpointed successfully
connecting to c2189 port 10000
sending b'resume 26 gpu 1'
connecting to c2179 port 10000
sending b'resume 49 gpu 1'
job87 has reached step2 complete on K80
job26qualified for demote for passing demote qualify time
P100 finished job: 26
connecting to c2189 port 10000
sending b'start 85 gpu 1'
connecting to c2189 port 10000
sending b'measure 85 gpu 1'
job85 has reached step1 complete on P100
connecting to c2189 port 10000
sending b'kill 85'
job85 has been qualified for demotion
job85qualified for demote for profiling
P100 promoted jobs:  ['98']
P100 demoted jobs:  ['85']
connecting to c2183 port 10000
sending b'save 98 pid 57133'
connecting to c2189 port 10000
sending b'save 85 pid 10440'
98 checkpointed successfully
85 checkpointed successfully
connecting to c2189 port 10000
sending b'resume 98 gpu 1'
connecting to c2183 port 10000
sending b'resume 85 gpu 6'
job98qualified for demote for passing demote qualify time
V100 finished job: 73
V100 finished job: 91
connecting to d1015 port 10000
sending b'start 38 gpu 0'
connecting to d1015 port 10000
sending b'measure 38 gpu 0'
connecting to d1015 port 10000
sending b'start 83 gpu 2'
connecting to d1015 port 10000
sending b'measure 83 gpu 2'
V100 finished job: 93
job85 has reached step2 complete on K80
connecting to d1015 port 10000
sending b'start 35 gpu 1'
connecting to d1015 port 10000
sending b'measure 35 gpu 1'
job38 has reached step1 complete on V100
job35 has reached step1 complete on V100
connecting to d1015 port 10000
sending b'kill 38'
job38 has been qualified for demotion
connecting to d1015 port 10000
sending b'kill 35'
job35 has been qualified for demotion
job38qualified for demote for profiling
job35qualified for demote for profiling
V100 promoted jobs:  ['87', '37']
V100 demoted jobs:  ['35', '38']
connecting to c2179 port 10000
sending b'save 37 pid 75640'
connecting to c2183 port 10000
sending b'save 87 pid 60861'
connecting to d1015 port 10000
sending b'save 38 pid 8151'
connecting to d1015 port 10000
sending b'save 35 pid 8557'
37 checkpointed successfully
87 checkpointed successfully
38 checkpointed successfully
35 checkpointed successfully
connecting to d1015 port 10000
sending b'resume 87 gpu 0'
connecting to d1015 port 10000
sending b'resume 37 gpu 1'
connecting to c2179 port 10000
sending b'resume 35 gpu 6'
connecting to c2183 port 10000
sending b'resume 38 gpu 0'
K80 finished job: 42
job37qualified for demote for passing demote qualify time
P100 demoted jobs:  ['32']
connecting to c2189 port 10000
sending b'save 32 pid 8550'
32 checkpointed successfully
connecting to c2179 port 10000
sending b'resume 32 gpu 4'
connecting to c2189 port 10000
sending b'start 100 gpu 2'
connecting to c2189 port 10000
sending b'measure 100 gpu 2'
job35 has reached step2 complete on K80
K80 finished job: 84
job83 has reached step1 complete on V100
connecting to d1015 port 10000
sending b'kill 83'
job83 has been qualified for demotion
job47 has reached step2 complete on K80
job83qualified for demote for profiling
V100 demoted jobs:  ['83']
connecting to d1015 port 10000
sending b'save 83 pid 8287'
83 checkpointed successfully
connecting to c2179 port 10000
sending b'resume 83 gpu 7'
connecting to d1015 port 10000
sending b'start 31 gpu 2'
connecting to d1015 port 10000
sending b'measure 31 gpu 2'
job38 has reached step2 complete on K80
job87 has reached step1 complete on V100
job31 has reached step1 complete on V100
connecting to d1015 port 10000
sending b'kill 31'
job31 has been qualified for demotion
job31qualified for demote for profiling
V100 finished job: 37
connecting to d1015 port 10000
sending b'start 5 gpu 1'
connecting to d1015 port 10000
sending b'measure 5 gpu 1'
V100 finished job: 5
connecting to d1015 port 10000
sending b'start 24 gpu 1'
connecting to d1015 port 10000
sending b'measure 24 gpu 1'
job87qualified for demote for passing demote qualify time
job49 has reached step2 complete on K80
V100 finished job: 87
connecting to d1015 port 10000
sending b'start 59 gpu 0'
connecting to d1015 port 10000
sending b'measure 59 gpu 0'
V100 finished job: 59
job32 has reached step2 complete on K80
connecting to d1015 port 10000
sending b'start 80 gpu 0'
connecting to d1015 port 10000
sending b'measure 80 gpu 0'
job83 has reached step2 complete on K80
job24 has reached step1 complete on V100
connecting to d1015 port 10000
sending b'kill 24'
job24 has been qualified for demotion
job24qualified for demote for profiling
V100 promoted jobs:  ['32']
V100 demoted jobs:  ['24']
connecting to c2179 port 10000
sending b'save 32 pid 79073'
connecting to d1015 port 10000
sending b'save 24 pid 12514'
32 checkpointed successfully
24 checkpointed successfully
connecting to d1015 port 10000
sending b'resume 32 gpu 1'
connecting to c2179 port 10000
sending b'resume 24 gpu 4'
job80 has reached step1 complete on V100
connecting to d1015 port 10000
sending b'kill 80'
job80 has been qualified for demotion
job80qualified for demote for profiling
job100 has reached step1 complete on P100
connecting to c2189 port 10000
sending b'kill 100'
job100 has been qualified for demotion
job48 has reached step2 complete on K80
job100qualified for demote for profiling
P100 promoted jobs:  ['48']
P100 demoted jobs:  ['100']
connecting to c2183 port 10000
sending b'save 48 pid 61242'
connecting to c2189 port 10000
sending b'save 100 pid 11550'
48 checkpointed successfully
100 checkpointed successfully
connecting to c2189 port 10000
sending b'resume 48 gpu 2'
connecting to c2183 port 10000
sending b'resume 100 gpu 3'
job48qualified for demote for passing demote qualify time
K80 finished job: 89
P100 demoted jobs:  ['48']
connecting to c2189 port 10000
sending b'save 48 pid 13508'
48 checkpointed successfully
connecting to c2179 port 10000
sending b'resume 48 gpu 2'
connecting to c2189 port 10000
sending b'start 36 gpu 2'
connecting to c2189 port 10000
sending b'measure 36 gpu 2'
K80 finished job: 45
job32 has reached step1 complete on V100
P100 demoted jobs:  ['98']
connecting to c2189 port 10000
sending b'save 98 pid 10822'
98 checkpointed successfully
connecting to c2183 port 10000
sending b'resume 98 gpu 7'
connecting to c2189 port 10000
sending b'start 33 gpu 1'
connecting to c2189 port 10000
sending b'measure 33 gpu 1'
V100 finished job: 31
connecting to d1015 port 10000
sending b'start 30 gpu 2'
connecting to d1015 port 10000
sending b'measure 30 gpu 2'
job24 has reached step2 complete on K80
V100 finished job: 41
connecting to d1015 port 10000
sending b'start 29 gpu 3'
connecting to d1015 port 10000
sending b'measure 29 gpu 3'
job36 has reached step1 complete on P100
connecting to c2189 port 10000
sending b'kill 36'
job36 has been qualified for demotion
job36qualified for demote for profiling
job30 has reached step1 complete on V100
connecting to d1015 port 10000
sending b'kill 30'
job30 has been qualified for demotion
job30qualified for demote for profiling
V100 finished job: 32
connecting to d1015 port 10000
sending b'start 96 gpu 1'
connecting to d1015 port 10000
sending b'measure 96 gpu 1'
V100 finished job: 80
connecting to d1015 port 10000
sending b'start 18 gpu 0'
connecting to d1015 port 10000
sending b'measure 18 gpu 0'
job33 has reached step1 complete on P100
connecting to c2189 port 10000
sending b'kill 33'
job33 has been qualified for demotion
job33qualified for demote for profiling
P100 promoted jobs:  ['98']
P100 demoted jobs:  ['33']
connecting to c2183 port 10000
sending b'save 98 pid 65987'
connecting to c2189 port 10000
sending b'save 33 pid 14141'
98 checkpointed successfully
33 checkpointed successfully
connecting to c2189 port 10000
sending b'resume 98 gpu 1'
connecting to c2183 port 10000
sending b'resume 33 gpu 7'
K80 finished job: 24
job29 has reached step1 complete on V100
connecting to d1015 port 10000
sending b'kill 29'
job29 has been qualified for demotion
job29qualified for demote for profiling
job98qualified for demote for passing demote qualify time
P100 demoted jobs:  ['36']
connecting to c2189 port 10000
sending b'save 36 pid 13898'
36 checkpointed successfully
connecting to c2179 port 10000
sending b'resume 36 gpu 4'
connecting to c2189 port 10000
sending b'start 34 gpu 2'
connecting to c2189 port 10000
sending b'measure 34 gpu 2'
job18 has reached step1 complete on V100
connecting to d1015 port 10000
sending b'kill 18'
job18 has been qualified for demotion
job18qualified for demote for profiling
V100 finished job: 18
connecting to d1015 port 10000
sending b'start 76 gpu 0'
connecting to d1015 port 10000
sending b'measure 76 gpu 0'
P100 finished job: 86
connecting to c2189 port 10000
sending b'start 2 gpu 3'
connecting to c2189 port 10000
sending b'measure 2 gpu 3'
job76 has reached step1 complete on V100
connecting to d1015 port 10000
sending b'kill 76'
job76 has been qualified for demotion
job34 has reached step1 complete on P100
connecting to c2189 port 10000
sending b'kill 34'
job34 has been qualified for demotion
job100 has reached step2 complete on K80
job76qualified for demote for profiling
job34qualified for demote for profiling
P100 finished job: 2
connecting to c2189 port 10000
sending b'start 9 gpu 3'
connecting to c2189 port 10000
sending b'measure 9 gpu 3'
P100 finished job: 40
P100 finished job: 9
connecting to c2189 port 10000
sending b'start 92 gpu 0'
connecting to c2189 port 10000
sending b'measure 92 gpu 0'
connecting to c2189 port 10000
sending b'start 82 gpu 3'
connecting to c2189 port 10000
sending b'measure 82 gpu 3'
K80 finished job: 85
V100 finished job: 30
job33 has reached step2 complete on K80
P100 demoted jobs:  ['34']
connecting to c2189 port 10000
sending b'save 34 pid 15359'
34 checkpointed successfully
connecting to c2183 port 10000
sending b'resume 34 gpu 6'
connecting to d1015 port 10000
sending b'start 19 gpu 2'
connecting to d1015 port 10000
sending b'measure 19 gpu 2'
connecting to c2189 port 10000
sending b'start 6 gpu 2'
connecting to c2189 port 10000
sending b'measure 6 gpu 2'
K80 finished job: 83
K80 finished job: 38
job36 has reached step2 complete on K80
V100 demoted jobs:  ['29']
P100 demoted jobs:  ['98']
connecting to c2189 port 10000
sending b'save 98 pid 15139'
connecting to d1015 port 10000
sending b'save 29 pid 17350'
98 checkpointed successfully
29 checkpointed successfully
connecting to c2179 port 10000
sending b'resume 29 gpu 7'
connecting to c2183 port 10000
sending b'resume 98 gpu 0'
connecting to d1015 port 10000
sending b'start 95 gpu 3'
connecting to d1015 port 10000
sending b'measure 95 gpu 3'
connecting to c2189 port 10000
sending b'start 94 gpu 1'
connecting to c2189 port 10000
sending b'measure 94 gpu 1'
P100 finished job: 6
job19 has reached step1 complete on V100
connecting to d1015 port 10000
sending b'kill 19'
job19 has been qualified for demotion
job19qualified for demote for profiling
no new job arrivals
P100 promoted jobs:  ['98']
connecting to c2183 port 10000
sending b'save 98 pid 68356'
98 checkpointed successfully
connecting to c2189 port 10000
sending b'resume 98 gpu 2'
job98qualified for demote for passing demote qualify time
V100 finished job: 19
no new job arrivals
V100 promoted jobs:  ['36']
connecting to c2179 port 10000
sending b'save 36 pid 82733'
36 checkpointed successfully
connecting to d1015 port 10000
sending b'resume 36 gpu 2'
K80 finished job: 35
job95 has reached step1 complete on V100
connecting to d1015 port 10000
sending b'kill 95'
job95 has been qualified for demotion
job82 has reached step1 complete on P100
connecting to c2189 port 10000
sending b'kill 82'
job82 has been qualified for demotion
job95qualified for demote for profiling
job82qualified for demote for profiling
no new job arrivals
V100 promoted jobs:  ['48']
V100 demoted jobs:  ['95']
connecting to c2179 port 10000
sending b'save 48 pid 81558'
connecting to d1015 port 10000
sending b'save 95 pid 21066'
48 checkpointed successfully
95 checkpointed successfully
connecting to d1015 port 10000
sending b'resume 48 gpu 3'
connecting to c2179 port 10000
sending b'resume 95 gpu 2'
job36 has reached step1 complete on V100
job36qualified for demote for passing demote qualify time
job96 has reached step1 complete on V100
connecting to d1015 port 10000
sending b'kill 96'
job96 has been qualified for demotion
job96qualified for demote for profiling
V100 finished job: 76
no new job arrivals
V100 promoted jobs:  ['44']
connecting to c2183 port 10000
sending b'save 44 pid 58762'
44 checkpointed successfully
connecting to d1015 port 10000
sending b'resume 44 gpu 0'
job92 has reached step1 complete on P100
connecting to c2189 port 10000
sending b'kill 92'
job92 has been qualified for demotion
job44qualified for demote for passing demote qualify time
job92qualified for demote for profiling
job34 has reached step2 complete on K80
no new job arrivals
V100 promoted jobs:  ['34']
V100 demoted jobs:  ['96']
connecting to c2183 port 10000
sending b'save 34 pid 68105'
connecting to d1015 port 10000
sending b'save 96 pid 17724'
34 checkpointed successfully
96 checkpointed successfully
connecting to d1015 port 10000
sending b'resume 34 gpu 1'
connecting to c2179 port 10000
sending b'resume 96 gpu 4'
job94 has reached step1 complete on P100
connecting to c2189 port 10000
sending b'kill 94'
job94 has been qualified for demotion
job94qualified for demote for profiling
V100 finished job: 44
job95 has reached step2 complete on K80
no new job arrivals
V100 promoted jobs:  ['97']
connecting to c2179 port 10000
sending b'save 97 pid 71722'
97 checkpointed successfully
connecting to d1015 port 10000
sending b'resume 97 gpu 0'
K80 finished job: 29
job34 has reached step1 complete on V100
job97qualified for demote for passing demote qualify time
job34qualified for demote for passing demote qualify time
job48 has reached step1 complete on V100
job48qualified for demote for passing demote qualify time
V100 finished job: 36
no new job arrivals
V100 promoted jobs:  ['47']
connecting to c2179 port 10000
sending b'save 47 pid 75183'
47 checkpointed successfully
connecting to d1015 port 10000
sending b'resume 47 gpu 2'
job47qualified for demote for passing demote qualify time
K80 finished job: 43
K80 finished job: 33
V100 finished job: 34
no new job arrivals
V100 promoted jobs:  ['99']
connecting to c2183 port 10000
sending b'save 99 pid 52095'
99 checkpointed successfully
connecting to d1015 port 10000
sending b'resume 99 gpu 1'
job99qualified for demote for passing demote qualify time
P100 finished job: 82
no new job arrivals
P100 promoted jobs:  ['95']
connecting to c2179 port 10000
sending b'save 95 pid 84594'
95 checkpointed successfully
connecting to c2189 port 10000
sending b'resume 95 gpu 3'
job95 has reached step1 complete on P100
job95qualified for demote for passing demote qualify time
job96 has reached step2 complete on K80
P100 finished job: 94
no new job arrivals
P100 promoted jobs:  ['49']
connecting to c2179 port 10000
sending b'save 49 pid 77652'
49 checkpointed successfully
connecting to c2189 port 10000
sending b'resume 49 gpu 1'
job49qualified for demote for passing demote qualify time
P100 finished job: 92
no new job arrivals
P100 promoted jobs:  ['96']
connecting to c2179 port 10000
sending b'save 96 pid 85273'
96 checkpointed successfully
connecting to c2189 port 10000
sending b'resume 96 gpu 0'
P100 finished job: 95
no new job arrivals
P100 promoted jobs:  ['46']
connecting to c2183 port 10000
sending b'save 46 pid 58455'
46 checkpointed successfully
connecting to c2189 port 10000
sending b'resume 46 gpu 3'
job46qualified for demote for passing demote qualify time
job96 has reached step1 complete on P100
job96qualified for demote for passing demote qualify time
V100 finished job: 99
no new job arrivals
V100 promoted jobs:  ['50']
connecting to c2179 port 10000
sending b'save 50 pid 69737'
50 checkpointed successfully
connecting to d1015 port 10000
sending b'resume 50 gpu 1'
job50 has reached step1 complete on V100
job50qualified for demote for passing demote qualify time
V100 finished job: 97
no new job arrivals
V100 promoted jobs:  ['100']
connecting to c2183 port 10000
sending b'save 100 pid 65491'
100 checkpointed successfully
connecting to d1015 port 10000
sending b'resume 100 gpu 0'
job100 has reached step1 complete on V100
job100qualified for demote for passing demote qualify time
V100 finished job: 47
no new job arrivals
jobs promoted from P100 to V100
V100 promoted jobs:  ['98']
connecting to c2189 port 10000
sending b'save 98 pid 17595'
98 checkpointed successfully
connecting to d1015 port 10000
sending b'resume 98 gpu 2'
V100 finished job: 48
no new job arrivals
jobs promoted from P100 to V100
V100 promoted jobs:  ['49']
connecting to c2189 port 10000
sending b'save 49 pid 26824'
49 checkpointed successfully
connecting to d1015 port 10000
sending b'resume 49 gpu 3'
V100 finished job: 50
no new job arrivals
jobs promoted from P100 to V100
V100 promoted jobs:  ['46']
connecting to c2189 port 10000
sending b'save 46 pid 30095'
46 checkpointed successfully
connecting to d1015 port 10000
sending b'resume 46 gpu 1'
job98 has reached step1 complete on V100
job98qualified for demote for passing demote qualify time
job49 has reached step1 complete on V100
job46 has reached step1 complete on V100
job49qualified for demote for passing demote qualify time
job46qualified for demote for passing demote qualify time
V100 finished job: 46
no new job arrivals
jobs promoted from P100 to V100
V100 promoted jobs:  ['96']
connecting to c2189 port 10000
sending b'save 96 pid 27344'
96 checkpointed successfully
connecting to d1015 port 10000
sending b'resume 96 gpu 1'
job96qualified for demote for passing demote qualify time
V100 finished job: 98
V100 finished job: 100
V100 finished job: 49
V100 finished job: 96
all jobs are finished!
finished all runs
