starting up on c0167 port 10002
connecting to d1014 port 10000
sending b'start 4 gpu 0,1'
connecting to d1014 port 10000
sending b'start 5 gpu 2,3'
connecting to d1015 port 10000
sending b'start 6 gpu 0,1'
connecting to d1015 port 10000
sending b'start 2 gpu 2,3'
job4qualified for demote for profiling
job_pool: ['4'] K80_pool: ['0', '1', '2', '3', '4', '5', '6', '7', '8', '9', '10', '11', '12', '13', '14', '15'] V100_pool: ['0', '1'] remain_time {'4': [0, 6821.64]} decision: {'4': 0}
original demotion (2-gpu dup) ['4', '4']
connecting to d1014 port 10000
sending b'save 4 pid 140351'
4 checkpointed successfully
connecting to c2178 port 10000
sending b'resume 4 gpu 0,1'
connecting to d1014 port 10000
sending b'start 1 gpu 0,1'
job2qualified for demote for profiling
job_pool: ['4', '2'] K80_pool: ['0', '1', '2', '3', '4', '5', '6', '7', '8', '9', '10', '11', '12', '13', '14', '15'] V100_pool: ['6', '7'] remain_time {'4': [0, 6821.64], '2': [0, 3499.92]} decision: {'4': 0, '2': 0}
original demotion (2-gpu dup) ['2', '2']
connecting to d1015 port 10000
sending b'save 2 pid 376326'
2 checkpointed successfully
connecting to c2178 port 10000
sending b'resume 2 gpu 2,3'
connecting to d1015 port 10000
sending b'start 7 gpu 2,3'
connecting to c2178 port 10000
sending b'start 3 gpu 4,5'
job5qualified for demote for profiling
job6qualified for demote for profiling
job_pool: ['4', '2', '5', '6'] K80_pool: ['0', '1', '2', '3', '6', '7', '8', '9', '10', '11', '12', '13', '14', '15'] V100_pool: ['2', '3', '4', '5'] remain_time {'4': [0, 6821.64], '2': [5035.299999999999, 1798.38], '5': [0, 10269.024], '6': [0, 11862.6]} decision: {'4': 0, '2': 1, '5': 0, '6': 0}
original promotion (2-gpu dup) ['2', '2']
original demotion (2-gpu dup) ['5', '5', '6', '6']
connecting to c2178 port 10000
sending b'save 2 pid 76345'
connecting to d1014 port 10000
sending b'save 5 pid 140489'
connecting to d1015 port 10000
sending b'save 6 pid 376093'
