starting up on c0158 port 10002
connecting to d1022 port 10000
sending b'start 7 gpu 0'
connecting to d1022 port 10000
sending b'measure 7 gpu 0'
job7 has reached step1 complete
connecting to d1022 port 10000
sending b'kill 7'
job 7 has been qualified for demotion to K80
connecting to d1022 port 10000
sending b'start 37 gpu 1'
connecting to d1022 port 10000
sending b'measure 37 gpu 1'
connecting to d1022 port 10000
sending b'start 31 gpu 2'
connecting to d1022 port 10000
sending b'measure 31 gpu 2'
connecting to d1022 port 10000
sending b'start 43 gpu 3'
connecting to d1022 port 10000
sending b'measure 43 gpu 3'
job7qualified for demote for profiling
V100 finished job: 7
connecting to d1022 port 10000
sending b'start 1 gpu 0'
connecting to d1022 port 10000
sending b'measure 1 gpu 0'
job1 has reached step1 complete
connecting to d1022 port 10000
sending b'kill 1'
job 1 has been qualified for demotion to K80
connecting to c2178 port 10000
sending b'start 22 gpu 0'
connecting to c2178 port 10000
sending b'measure 22 gpu 0'
connecting to c2178 port 10000
sending b'start 6 gpu 1'
connecting to c2178 port 10000
sending b'measure 6 gpu 1'
job1qualified for demote for profiling
V100 finished job: 1
job31 has reached step1 complete
connecting to d1022 port 10000
sending b'kill 31'
job 31 has been qualified for demotion to K80
connecting to d1022 port 10000
sending b'start 12 gpu 0'
connecting to d1022 port 10000
sending b'measure 12 gpu 0'
job31qualified for demote for profiling
job12 has reached step1 complete
connecting to d1022 port 10000
sending b'kill 12'
job 12 has been qualified for demotion to K80
connecting to c2178 port 10000
sending b'start 44 gpu 2'
connecting to c2178 port 10000
sending b'measure 44 gpu 2'
connecting to c2178 port 10000
sending b'start 50 gpu 3'
connecting to c2178 port 10000
sending b'measure 50 gpu 3'
job12qualified for demote for profiling
job37 has reached step1 complete
connecting to d1022 port 10000
sending b'kill 37'
job 37 has been qualified for demotion to K80
connecting to c2178 port 10000
sending b'start 9 gpu 4'
connecting to c2178 port 10000
sending b'measure 9 gpu 4'
job37qualified for demote for profiling
V100 finished job: 12
job6 has reached step1 complete
connecting to c2178 port 10000
sending b'kill 6'
job 6 has been qualified for promotion to V100
connecting to d1022 port 10000
sending b'start 4 gpu 0'
connecting to d1022 port 10000
sending b'measure 4 gpu 0'
promoted jobs:  ['6']
demoted jobs:  ['31']
connecting to c2178 port 10000
sending b'save 6 pid 76314'
connecting to d1022 port 10000
sending b'save 31 pid 351074'
6 checkpointed successfully
31 checkpointed successfully
connecting to d1022 port 10000
sending b'resume 6 gpu 2'
connecting to c2178 port 10000
sending b'resume 31 gpu 1'
V100 finished job: 4
V100 finished job: 6
connecting to d1022 port 10000
sending b'start 38 gpu 0'
connecting to d1022 port 10000
sending b'measure 38 gpu 0'
connecting to d1022 port 10000
sending b'start 29 gpu 2'
connecting to d1022 port 10000
sending b'measure 29 gpu 2'
K80 finished job: 9
job43 has reached step1 complete
connecting to d1022 port 10000
sending b'kill 43'
job 43 has been qualified for demotion to K80
connecting to c2178 port 10000
sending b'start 39 gpu 4'
connecting to c2178 port 10000
sending b'measure 39 gpu 4'
connecting to c2178 port 10000
sending b'start 3 gpu 5'
connecting to c2178 port 10000
sending b'measure 3 gpu 5'
job43qualified for demote for profiling
connecting to c2178 port 10000
sending b'start 18 gpu 6'
connecting to c2178 port 10000
sending b'measure 18 gpu 6'
connecting to c2178 port 10000
sending b'start 41 gpu 7'
connecting to c2178 port 10000
sending b'measure 41 gpu 7'
job38 has reached step1 complete
connecting to d1022 port 10000
sending b'kill 38'
job 38 has been qualified for demotion to K80
job38qualified for demote for profiling
job22 has reached step1 complete
connecting to c2178 port 10000
sending b'kill 22'
job 22 has been qualified for promotion to V100
promoted jobs:  ['22']
demoted jobs:  ['38']
connecting to c2178 port 10000
sending b'save 22 pid 76238'
connecting to d1022 port 10000
sending b'save 38 pid 352452'
22 checkpointed successfully
38 checkpointed successfully
connecting to d1022 port 10000
sending b'resume 22 gpu 0'
connecting to c2178 port 10000
sending b'resume 38 gpu 0'
K80 finished job: 3
job29 has reached step1 complete
connecting to d1022 port 10000
sending b'kill 29'
job 29 has been qualified for demotion to K80
connecting to c2178 port 10000
sending b'start 34 gpu 5'
connecting to c2178 port 10000
sending b'measure 34 gpu 5'
job29qualified for demote for profiling
job31 has reached step2 complete
promoted jobs:  ['31']
demoted jobs:  ['43']
connecting to c2178 port 10000
sending b'save 31 pid 77327'
connecting to d1022 port 10000
sending b'save 43 pid 351141'
31 checkpointed successfully
43 checkpointed successfully
connecting to d1022 port 10000
sending b'resume 31 gpu 3'
connecting to c2178 port 10000
sending b'resume 43 gpu 1'
job18 has reached step1 complete
job22 has reached step2 complete
connecting to c2178 port 10000
sending b'kill 18'
job 18 has been qualified for promotion to V100
job38 has reached step2 complete
job39 has reached step1 complete
connecting to c2178 port 10000
sending b'kill 39'
job 39 has been qualified for promotion to V100
job31qualified for demote for passing demote qualify time 77
job22qualified for demote for passing demote qualify time 265
job44 has reached step1 complete
connecting to c2178 port 10000
sending b'kill 44'
job 44 has been qualified for promotion to V100
job50 has reached step1 complete
connecting to c2178 port 10000
sending b'kill 50'
job 50 has been qualified for promotion to V100
V100 finished job: 22
connecting to d1022 port 10000
sending b'start 45 gpu 0'
connecting to d1022 port 10000
sending b'measure 45 gpu 0'
job34 has reached step1 complete
connecting to c2178 port 10000
sending b'kill 34'
job 34 has been qualified for promotion to V100
V100 finished job: 29
connecting to d1022 port 10000
sending b'start 27 gpu 2'
connecting to d1022 port 10000
sending b'measure 27 gpu 2'
K80 finished job: 18
job27 has reached step1 complete
connecting to d1022 port 10000
sending b'kill 27'
job 27 has been qualified for demotion to K80
connecting to c2178 port 10000
sending b'start 5 gpu 6'
connecting to c2178 port 10000
sending b'measure 5 gpu 6'
job27qualified for demote for profiling
promoted jobs:  ['34']
demoted jobs:  ['27']
connecting to c2178 port 10000
sending b'save 34 pid 78655'
connecting to d1022 port 10000
sending b'save 27 pid 354379'
34 checkpointed successfully
27 checkpointed successfully
connecting to d1022 port 10000
sending b'resume 34 gpu 2'
connecting to c2178 port 10000
sending b'resume 27 gpu 5'
job45 has reached step1 complete
connecting to d1022 port 10000
sending b'kill 45'
job 45 has been qualified for demotion to K80
job45qualified for demote for profiling
promoted jobs:  ['39']
demoted jobs:  ['45']
connecting to c2178 port 10000
sending b'save 39 pid 77581'
connecting to d1022 port 10000
sending b'save 45 pid 354072'
39 checkpointed successfully
45 checkpointed successfully
connecting to d1022 port 10000
sending b'resume 39 gpu 0'
connecting to c2178 port 10000
sending b'resume 45 gpu 4'
K80 finished job: 5
V100 finished job: 37
V100 finished job: 31
job41 has reached step1 complete
connecting to c2178 port 10000
sending b'kill 41'
job 41 has been qualified for promotion to V100
connecting to d1022 port 10000
sending b'start 21 gpu 1'
connecting to d1022 port 10000
sending b'measure 21 gpu 1'
connecting to d1022 port 10000
sending b'start 47 gpu 3'
connecting to d1022 port 10000
sending b'measure 47 gpu 3'
connecting to c2178 port 10000
sending b'start 11 gpu 6'
connecting to c2178 port 10000
sending b'measure 11 gpu 6'
job43 has reached step2 complete
job21 has reached step1 complete
job27 has reached step2 complete
connecting to d1022 port 10000
sending b'kill 21'
job 21 has been qualified for demotion to K80
job34 has reached step2 complete
job21qualified for demote for profiling
job34qualified for demote for passing demote qualify time 149
job39 has reached step2 complete
job11 has reached step1 complete
connecting to c2178 port 10000
sending b'kill 11'
job 11 has been qualified for promotion to V100
job45 has reached step2 complete
job39qualified for demote for passing demote qualify time 299
promoted jobs:  ['11']
demoted jobs:  ['39']
connecting to c2178 port 10000
sending b'save 11 pid 80532'
connecting to d1022 port 10000
sending b'save 39 pid 354934'
11 checkpointed successfully
39 checkpointed successfully
connecting to d1022 port 10000
sending b'resume 11 gpu 0'
connecting to c2178 port 10000
sending b'resume 39 gpu 6'
V100 finished job: 11
connecting to d1022 port 10000
sending b'start 30 gpu 0'
connecting to d1022 port 10000
sending b'measure 30 gpu 0'
V100 finished job: 21
connecting to d1022 port 10000
sending b'start 2 gpu 1'
connecting to d1022 port 10000
sending b'measure 2 gpu 1'
V100 finished job: 2
connecting to d1022 port 10000
sending b'start 40 gpu 1'
connecting to d1022 port 10000
sending b'measure 40 gpu 1'
job30 has reached step1 complete
job40 has reached step1 complete
connecting to d1022 port 10000
sending b'kill 30'
job 30 has been qualified for demotion to K80
connecting to d1022 port 10000
sending b'kill 40'
job 40 has been qualified for demotion to K80
job30qualified for demote for profiling
job40qualified for demote for profiling
V100 finished job: 34
connecting to d1022 port 10000
sending b'start 25 gpu 2'
connecting to d1022 port 10000
sending b'measure 25 gpu 2'
job25 has reached step1 complete
job47 has reached step1 complete
connecting to d1022 port 10000
sending b'kill 25'
job 25 has been qualified for demotion to K80
connecting to d1022 port 10000
sending b'kill 47'
job 47 has been qualified for demotion to K80
job25qualified for demote for profiling
job47qualified for demote for profiling
promoted jobs:  ['41', '39']
demoted jobs:  ['25', '47']
connecting to c2178 port 10000
sending b'save 39 pid 81144'
connecting to c2178 port 10000
sending b'save 41 pid 78125'
connecting to d1022 port 10000
sending b'save 25 pid 357278'
connecting to d1022 port 10000
sending b'save 47 pid 355209'
39 checkpointed successfully
41 checkpointed successfully
25 checkpointed successfully
47 checkpointed successfully
connecting to d1022 port 10000
sending b'resume 41 gpu 2'
connecting to d1022 port 10000
sending b'resume 39 gpu 3'
connecting to c2178 port 10000
sending b'resume 25 gpu 6'
connecting to c2178 port 10000
sending b'resume 47 gpu 7'
job39qualified for demote for passing demote qualify time 348
job25 has reached step2 complete
K80 finished job: 38
connecting to c2178 port 10000
sending b'start 48 gpu 0'
connecting to c2178 port 10000
sending b'measure 48 gpu 0'
V100 finished job: 30
connecting to d1022 port 10000
sending b'start 13 gpu 0'
connecting to d1022 port 10000
sending b'measure 13 gpu 0'
K80 finished job: 27
connecting to c2178 port 10000
sending b'start 49 gpu 5'
connecting to c2178 port 10000
sending b'measure 49 gpu 5'
job13 has reached step1 complete
connecting to d1022 port 10000
sending b'kill 13'
job 13 has been qualified for demotion to K80
job41 has reached step2 complete
job13qualified for demote for profiling
job41qualified for demote for passing demote qualify time 179
V100 finished job: 13
connecting to d1022 port 10000
sending b'start 16 gpu 0'
connecting to d1022 port 10000
sending b'measure 16 gpu 0'
job16 has reached step1 complete
connecting to d1022 port 10000
sending b'kill 16'
job 16 has been qualified for demotion to K80
job16qualified for demote for profiling
V100 finished job: 16
connecting to d1022 port 10000
sending b'start 23 gpu 0'
connecting to d1022 port 10000
sending b'measure 23 gpu 0'
V100 finished job: 39
connecting to d1022 port 10000
sending b'start 10 gpu 3'
connecting to d1022 port 10000
sending b'measure 10 gpu 3'
job23 has reached step1 complete
connecting to d1022 port 10000
sending b'kill 23'
job 23 has been qualified for demotion to K80
job23qualified for demote for profiling
V100 finished job: 10
connecting to d1022 port 10000
sending b'start 33 gpu 3'
connecting to d1022 port 10000
sending b'measure 33 gpu 3'
V100 finished job: 40
connecting to d1022 port 10000
sending b'start 26 gpu 1'
connecting to d1022 port 10000
sending b'measure 26 gpu 1'
job26 has reached step1 complete
connecting to d1022 port 10000
sending b'kill 26'
job 26 has been qualified for demotion to K80
job26qualified for demote for profiling
K80 finished job: 25
connecting to c2178 port 10000
sending b'start 19 gpu 6'
connecting to c2178 port 10000
sending b'measure 19 gpu 6'
job33 has reached step1 complete
connecting to d1022 port 10000
sending b'kill 33'
job 33 has been qualified for demotion to K80
job33qualified for demote for profiling
promoted jobs:  ['43']
demoted jobs:  ['33']
connecting to c2178 port 10000
sending b'save 43 pid 78986'
connecting to d1022 port 10000
sending b'save 33 pid 359447'
43 checkpointed successfully
33 checkpointed successfully
connecting to d1022 port 10000
sending b'resume 43 gpu 3'
connecting to c2178 port 10000
sending b'resume 33 gpu 1'
V100 finished job: 23
connecting to d1022 port 10000
sending b'start 28 gpu 0'
connecting to d1022 port 10000
sending b'measure 28 gpu 0'
job43qualified for demote for passing demote qualify time 674
job19 has reached step1 complete
connecting to c2178 port 10000
sending b'kill 19'
job 19 has been qualified for promotion to V100
promoted jobs:  ['19']
demoted jobs:  ['43']
connecting to c2178 port 10000
sending b'save 19 pid 84022'
connecting to d1022 port 10000
sending b'save 43 pid 360188'
19 checkpointed successfully
43 checkpointed successfully
connecting to d1022 port 10000
sending b'resume 19 gpu 3'
connecting to c2178 port 10000
sending b'resume 43 gpu 6'
job49 has reached step1 complete
connecting to c2178 port 10000
sending b'kill 49'
job 49 has been qualified for promotion to V100
job19 has reached step2 complete
job28 has reached step1 complete
connecting to d1022 port 10000
sending b'kill 28'
job 28 has been qualified for demotion to K80
job28qualified for demote for profiling
job19qualified for demote for passing demote qualify time 98
V100 finished job: 19
connecting to d1022 port 10000
sending b'start 17 gpu 3'
connecting to d1022 port 10000
sending b'measure 17 gpu 3'
job17 has reached step1 complete
connecting to d1022 port 10000
sending b'kill 17'
job 17 has been qualified for demotion to K80
job17qualified for demote for profiling
job33 has reached step2 complete
V100 finished job: 26
connecting to d1022 port 10000
sending b'start 15 gpu 1'
connecting to d1022 port 10000
sending b'measure 15 gpu 1'
job47 has reached step2 complete
V100 finished job: 17
job15 has reached step1 complete
connecting to d1022 port 10000
sending b'kill 15'
job 15 has been qualified for demotion to K80
connecting to d1022 port 10000
sending b'start 24 gpu 3'
connecting to d1022 port 10000
sending b'measure 24 gpu 3'
job15qualified for demote for profiling
promoted jobs:  ['43']
demoted jobs:  ['15']
connecting to c2178 port 10000
sending b'save 43 pid 84631'
connecting to d1022 port 10000
sending b'save 15 pid 361554'
43 checkpointed successfully
15 checkpointed successfully
connecting to d1022 port 10000
sending b'resume 43 gpu 1'
connecting to c2178 port 10000
sending b'resume 15 gpu 6'
K80 finished job: 15
connecting to c2178 port 10000
sending b'start 8 gpu 6'
connecting to c2178 port 10000
sending b'measure 8 gpu 6'
V100 finished job: 28
connecting to d1022 port 10000
sending b'start 36 gpu 0'
connecting to d1022 port 10000
sending b'measure 36 gpu 0'
job8 has reached step1 complete
connecting to c2178 port 10000
sending b'kill 8'
job 8 has been qualified for promotion to V100
K80 finished job: 8
job24 has reached step1 complete
connecting to d1022 port 10000
sending b'kill 24'
job 24 has been qualified for demotion to K80
job48 has reached step1 complete
connecting to c2178 port 10000
sending b'kill 48'
job 48 has been qualified for promotion to V100
connecting to c2178 port 10000
sending b'start 32 gpu 6'
connecting to c2178 port 10000
sending b'measure 32 gpu 6'
job24qualified for demote for profiling
promoted jobs:  ['48']
demoted jobs:  ['24']
connecting to c2178 port 10000
sending b'save 48 pid 82665'
connecting to d1022 port 10000
sending b'save 24 pid 361830'
48 checkpointed successfully
24 checkpointed successfully
connecting to d1022 port 10000
sending b'resume 48 gpu 3'
connecting to c2178 port 10000
sending b'resume 24 gpu 0'
job36 has reached step1 complete
connecting to d1022 port 10000
sending b'kill 36'
job 36 has been qualified for demotion to K80
job36qualified for demote for profiling
V100 finished job: 41
connecting to d1022 port 10000
sending b'start 35 gpu 2'
connecting to d1022 port 10000
sending b'measure 35 gpu 2'
job35 has reached step1 complete
connecting to d1022 port 10000
sending b'kill 35'
job 35 has been qualified for demotion to K80
job35qualified for demote for profiling
promoted jobs:  ['50']
demoted jobs:  ['35']
connecting to c2178 port 10000
sending b'save 50 pid 76861'
connecting to d1022 port 10000
sending b'save 35 pid 363311'
50 checkpointed successfully
35 checkpointed successfully
connecting to d1022 port 10000
sending b'resume 50 gpu 2'
connecting to c2178 port 10000
sending b'resume 35 gpu 3'
job24 has reached step2 complete
job43qualified for demote for passing demote qualify time 657
job32 has reached step1 complete
connecting to c2178 port 10000
sending b'kill 32'
job 32 has been qualified for promotion to V100
promoted jobs:  ['32']
demoted jobs:  ['43']
connecting to c2178 port 10000
sending b'save 32 pid 86129'
connecting to d1022 port 10000
sending b'save 43 pid 362016'
43 checkpointed successfully
32 checkpointed successfully
connecting to d1022 port 10000
sending b'resume 32 gpu 1'
connecting to c2178 port 10000
sending b'resume 43 gpu 6'
job35 has reached step2 complete
job48 has reached step2 complete
job48qualified for demote for passing demote qualify time 313
K80 finished job: 24
connecting to c2178 port 10000
sending b'start 46 gpu 0'
connecting to c2178 port 10000
sending b'measure 46 gpu 0'
job32 has reached step2 complete
K80 finished job: 33
connecting to c2178 port 10000
sending b'start 14 gpu 1'
connecting to c2178 port 10000
sending b'measure 14 gpu 1'
job50 has reached step2 complete
K80 finished job: 44
connecting to c2178 port 10000
sending b'start 42 gpu 2'
connecting to c2178 port 10000
sending b'measure 42 gpu 2'
job50qualified for demote for passing demote qualify time 553
promoted jobs:  ['43']
demoted jobs:  ['50']
connecting to c2178 port 10000
sending b'save 43 pid 87330'
connecting to d1022 port 10000
sending b'save 50 pid 363597'
43 checkpointed successfully
50 checkpointed successfully
connecting to d1022 port 10000
sending b'resume 43 gpu 2'
connecting to c2178 port 10000
sending b'resume 50 gpu 6'
job43qualified for demote for passing demote qualify time 656
V100 finished job: 36
job14 has reached step1 complete
connecting to c2178 port 10000
sending b'kill 14'
job 14 has been qualified for promotion to V100
connecting to d1022 port 10000
sending b'start 20 gpu 0'
connecting to d1022 port 10000
sending b'measure 20 gpu 0'
job32qualified for demote for passing demote qualify time 569
K80 finished job: 14
job20 has reached step1 complete
connecting to d1022 port 10000
sending b'kill 20'
job 20 has been qualified for demotion to K80
job20qualified for demote for profiling
promoted jobs:  ['35']
demoted jobs:  ['20']
connecting to c2178 port 10000
sending b'save 35 pid 87005'
connecting to d1022 port 10000
sending b'save 20 pid 365165'
35 checkpointed successfully
20 checkpointed successfully
connecting to d1022 port 10000
sending b'resume 35 gpu 0'
connecting to c2178 port 10000
sending b'resume 20 gpu 1'
job20 has reached step2 complete
job35qualified for demote for passing demote qualify time 186
V100 finished job: 43
job42 has reached step1 complete
connecting to c2178 port 10000
sending b'kill 42'
job 42 has been qualified for promotion to V100
promoted jobs:  ['20']
connecting to c2178 port 10000
sending b'save 20 pid 89307'
20 checkpointed successfully
connecting to d1022 port 10000
sending b'resume 20 gpu 2'
V100 finished job: 32
promoted jobs:  ['47']
connecting to c2178 port 10000
sending b'save 47 pid 82147'
47 checkpointed successfully
connecting to d1022 port 10000
sending b'resume 47 gpu 1'
job47qualified for demote for passing demote qualify time 1026
V100 finished job: 20
promoted jobs:  ['50']
connecting to c2178 port 10000
sending b'save 50 pid 88838'
50 checkpointed successfully
connecting to d1022 port 10000
sending b'resume 50 gpu 2'
job50qualified for demote for passing demote qualify time 604
K80 finished job: 45
V100 finished job: 35
promoted jobs:  ['42']
connecting to c2178 port 10000
sending b'save 42 pid 88622'
42 checkpointed successfully
connecting to d1022 port 10000
sending b'resume 42 gpu 0'
job46 has reached step1 complete
connecting to c2178 port 10000
sending b'kill 46'
job 46 has been qualified for promotion to V100
job42 has reached step2 complete
job42qualified for demote for passing demote qualify time 1154
V100 finished job: 42
promoted jobs:  ['49']
connecting to c2178 port 10000
sending b'save 49 pid 82979'
49 checkpointed successfully
connecting to d1022 port 10000
sending b'resume 49 gpu 0'
job49 has reached step2 complete
job49qualified for demote for passing demote qualify time 1428
V100 finished job: 50
promoted jobs:  ['46']
connecting to c2178 port 10000
sending b'save 46 pid 87938'
46 checkpointed successfully
connecting to d1022 port 10000
sending b'resume 46 gpu 2'
V100 finished job: 48
job46 has reached step2 complete
V100 finished job: 47
job46qualified for demote for passing demote qualify time 1203
V100 finished job: 49
V100 finished job: 46
all jobs are finished!
finished all runs
