starting up on c0169 port 10002
connecting to c2189 port 10000
sending b'start 1 gpu 0,1'
connecting to c2189 port 10000
sending b'start 2 gpu 2,3'
connecting to c2177 port 10000
sending b'start 3 gpu 0,1'
connecting to c2177 port 10000
sending b'start 44 gpu 2'
job2qualified for demote for profiling
job_pool: ['2'] K80_pool: ['3', '4', '5', '6', '7'] V100_pool: ['2', '3'] remain_time {'2': [4727.400000000001, 5607.32]} decision: {'2': 0}
original demotion (2-gpu dup) ['2', '2']
connecting to c2189 port 10000
sending b'save 2 pid 31993'
2 checkpointed successfully
connecting to c2177 port 10000
sending b'resume 2 gpu 3,4'
connecting to c2189 port 10000
sending b'start 48 gpu 2'
connecting to c2189 port 10000
sending b'start 26 gpu 3'
job1qualified for demote for profiling
job_pool: ['2', '1'] K80_pool: ['3', '4', '5', '6', '7'] V100_pool: ['0', '1'] remain_time {'2': [4727.400000000001, 5607.32], '1': [4851.152, 3100.328]} decision: {'2': 0, '1': 1}
connecting to c2177 port 10000
sending b'start 45 gpu 5'
job26qualified for demote for profiling
job_pool: ['2', '1', '26'] K80_pool: ['3', '4', '6', '7'] V100_pool: ['0', '1', '3'] remain_time {'2': [5955.76, 5696.81], '1': [4803.951999999999, 3069.528], '26': [3350.17, 1245.195]} decision: {'2': 0, '1': 1, '26': 1}
connecting to c2177 port 10000
sending b'start 22 gpu 6'
connecting to c2177 port 10000
sending b'start 8 gpu 7'
job_pool: ['2', '1', '26'] K80_pool: ['3', '4'] V100_pool: ['0', '1', '3'] remain_time {'2': [5912.16, 5655.61], '1': [4756.7519999999995, 3038.728], '26': [3257.77, 1209.7949999999998]} decision: {'2': 0, '1': 1, '26': 1}
job48qualified for demote for profiling
job_pool: ['44', '2', '45', '1', '48', '26'] K80_pool: ['2', '3', '4', '5'] V100_pool: ['0', '1', '2', '3'] remain_time {'44': [4268.952, 2831.32], '2': [5879.46, 5624.71], '45': [3800.7239999999997, 3006.436], '1': [4709.552, 3007.928], '48': [36786.871, 14841.981999999998], '26': [3180.77, 1180.2949999999998]} decision: {'44': 0, '2': 0, '45': 0, '1': 1, '48': 1, '26': 1}
K80 finished job: 8
connecting to c2177 port 10000
sending b'start 12 gpu 7'
job_pool: ['3', '44', '2', '45', '1', '48', '26'] K80_pool: ['0', '1', '2', '3', '4', '5'] V100_pool: ['0', '1', '2', '3'] remain_time {'3': [13316.336000000001, 4566.608], '44': [4247.852, 2817.82], '2': [5835.86, 5583.51], '45': [3770.124, 2983.036], '1': [4662.352, 2977.128], '48': [36681.570999999996, 14799.381999999998], '26': [3088.37, 1144.895]} decision: {'3': 1, '44': 0, '2': 0, '45': 0, '1': 0, '48': 1, '26': 1}
original promotion (2-gpu dup) ['3', '3']
original demotion (2-gpu dup) ['1', '1']
connecting to c2177 port 10000
sending b'save 3 pid 158040'
connecting to c2189 port 10000
sending b'save 1 pid 31773'
3 checkpointed successfully
1 checkpointed successfully
connecting to c2189 port 10000
sending b'resume 3 gpu 0,1'
connecting to c2177 port 10000
sending b'resume 1 gpu 0,1'
job_pool: ['1', '44', '2', '45', '12', '48', '26'] K80_pool: ['0', '1', '2', '3', '4', '5', '7'] V100_pool: ['2', '3'] remain_time {'1': [4662.352, 2977.128], '44': [4205.652, 2790.82], '2': [5792.26, 5542.31], '45': [3734.424, 2955.736], '12': [245.60399999999998, 143.06799999999998], '48': [36576.271, 14756.782], '26': [2995.97, 1109.495]} decision: {'1': 0, '44': 0, '2': 0, '45': 0, '12': 0, '48': 1, '26': 1}
job_pool: ['1', '44', '2', '45', '22', '12', '48', '26'] K80_pool: ['0', '1', '2', '3', '4', '5', '6', '7'] V100_pool: ['2', '3'] remain_time {'1': [4662.352, 2977.128], '44': [4163.452, 2763.82], '2': [5748.66, 5501.11], '45': [3703.8239999999996, 2932.336], '22': [1734.568, 487.36400000000003], '12': [224.504, 139.368], '48': [36506.070999999996, 14728.381999999998], '26': [2918.97, 1079.995]} decision: {'1': 0, '44': 0, '2': 0, '45': 0, '22': 0, '12': 0, '48': 1, '26': 1}
job_pool: ['1', '44', '2', '45', '22', '12', '48', '26'] K80_pool: ['0', '1', '2', '3', '4', '5', '6', '7'] V100_pool: ['2', '3'] remain_time {'1': [4662.352, 2977.128], '44': [4142.352, 2750.32], '2': [5715.96, 5470.21], '45': [3673.2239999999997, 2908.936], '22': [1734.568, 487.36400000000003], '12': [203.404, 135.668], '48': [36435.871, 14699.981999999998], '26': [2841.97, 1050.495]} decision: {'1': 0, '44': 0, '2': 0, '45': 0, '22': 0, '12': 0, '48': 1, '26': 1}
job_pool: ['1', '44', '2', '45', '22', '12', '48', '26'] K80_pool: ['0', '1', '2', '3', '4', '5', '6', '7'] V100_pool: ['2', '3'] remain_time {'1': [4662.352, 2977.128], '44': [4121.2519999999995, 2736.82], '2': [5683.26, 5439.31], '45': [3652.8239999999996, 2893.336], '22': [1683.968, 476.064], '12': [161.204, 128.268], '48': [36365.670999999995, 14671.581999999999], '26': [2780.37, 1026.895]} decision: {'1': 0, '44': 0, '2': 0, '45': 0, '22': 0, '12': 0, '48': 1, '26': 1}
job_pool: ['1', '44', '2', '45', '22', '12', '48', '26'] K80_pool: ['0', '1', '2', '3', '4', '5', '6', '7'] V100_pool: ['2', '3'] remain_time {'1': [4662.352, 2977.128], '44': [4100.152, 2723.32], '2': [5650.56, 5408.41], '45': [3622.2239999999997, 2869.936], '22': [1683.968, 476.064], '12': [140.10399999999998, 124.568], '48': [36330.570999999996, 14657.381999999998], '26': [2703.37, 997.395]} decision: {'1': 0, '44': 0, '2': 0, '45': 0, '22': 0, '12': 0, '48': 1, '26': 1}
job_pool: ['1', '44', '2', '45', '22', '12', '48', '26'] K80_pool: ['0', '1', '2', '3', '4', '5', '6', '7'] V100_pool: ['2', '3'] remain_time {'1': [2631.6000000000004, 3133.19], '44': [4057.9519999999998, 2696.32], '2': [5617.86, 5377.51], '45': [3591.624, 2846.536], '22': [1633.368, 464.764], '12': [119.00399999999999, 120.868], '48': [36260.371, 14628.981999999998], '26': [2641.77, 973.795]} decision: {'1': 0, '44': 0, '2': 0, '45': 0, '22': 0, '12': 0, '48': 1, '26': 1}
job_pool: ['1', '44', '2', '45', '22', '12', '48', '26'] K80_pool: ['0', '1', '2', '3', '4', '5', '6', '7'] V100_pool: ['2', '3'] remain_time {'1': [2604.4, 3102.39], '44': [4036.852, 2682.82], '2': [5574.26, 5336.31], '45': [3566.124, 2827.036], '22': [1633.368, 464.764], '12': [76.804, 113.468], '48': [36190.170999999995, 14600.581999999999], '26': [2564.77, 944.295]} decision: {'1': 0, '44': 0, '2': 0, '45': 0, '22': 0, '12': 0, '48': 1, '26': 1}
job_pool: ['1', '44', '2', '45', '22', '12', '48', '26'] K80_pool: ['0', '1', '2', '3', '4', '5', '6', '7'] V100_pool: ['2', '3'] remain_time {'1': [2577.2000000000003, 3071.59], '44': [3994.652, 2655.82], '2': [5541.56, 5305.41], '45': [3535.524, 2803.636], '22': [1582.768, 453.464], '12': [55.704, 109.768], '48': [36119.971, 14572.181999999999], '26': [2487.77, 914.795]} decision: {'1': 0, '44': 0, '2': 0, '45': 0, '22': 0, '12': 0, '48': 1, '26': 1}
job_pool: ['1', '44', '2', '45', '22', '12', '48', '26'] K80_pool: ['0', '1', '2', '3', '4', '5', '6', '7'] V100_pool: ['2', '3'] remain_time {'1': [2550.0, 3040.79], '44': [3973.5519999999997, 2642.32], '2': [5497.96, 5264.21], '45': [3504.924, 2780.236], '22': [1532.1680000000001, 442.164], '12': [34.604, 106.068], '48': [36049.771, 14543.782], '26': [2410.77, 885.295]} decision: {'1': 0, '44': 0, '2': 0, '45': 0, '22': 0, '12': 0, '48': 1, '26': 1}
K80 finished job: 12
connecting to c2177 port 10000
sending b'start 32 gpu 7'
job_pool: ['1', '44', '2', '45', '22', '48', '26'] K80_pool: ['0', '1', '2', '3', '4', '5', '6'] V100_pool: ['2', '3'] remain_time {'1': [2522.8, 3009.99], '44': [3952.4519999999998, 2628.82], '2': [5465.26, 5233.31], '45': [3474.3239999999996, 2756.836], '22': [1532.1680000000001, 442.164], '48': [35944.471, 14501.181999999999], '26': [2333.77, 855.795]} decision: {'1': 0, '44': 0, '2': 0, '45': 0, '22': 0, '48': 1, '26': 1}
job_pool: ['1', '44', '2', '45', '22', '48', '26'] K80_pool: ['0', '1', '2', '3', '4', '5', '6'] V100_pool: ['2', '3'] remain_time {'1': [2495.6000000000004, 2979.19], '44': [3931.352, 2615.32], '2': [5421.66, 5192.11], '45': [3443.7239999999997, 2733.436], '22': [1481.568, 430.86400000000003], '48': [35874.271, 14472.782], '26': [2256.77, 826.295]} decision: {'1': 0, '44': 0, '2': 0, '45': 0, '22': 0, '48': 1, '26': 1}
job_pool: ['1', '44', '2', '45', '22', '48', '26'] K80_pool: ['0', '1', '2', '3', '4', '5', '6'] V100_pool: ['2', '3'] remain_time {'1': [2468.4, 2948.39], '44': [3889.152, 2588.32], '2': [5378.06, 5150.91], '45': [3418.2239999999997, 2713.936], '22': [1481.568, 430.86400000000003], '48': [35804.070999999996, 14444.382], '26': [2179.77, 796.795]} decision: {'1': 0, '44': 0, '2': 0, '45': 0, '22': 0, '48': 1, '26': 1}
job_pool: ['1', '44', '2', '45', '22', '48', '26'] K80_pool: ['0', '1', '2', '3', '4', '5', '6'] V100_pool: ['2', '3'] remain_time {'1': [2441.2000000000003, 2917.59], '44': [3868.0519999999997, 2574.82], '2': [5345.36, 5120.01], '45': [3387.624, 2690.536], '22': [1430.968, 419.564], '48': [35733.871, 14415.981999999998], '26': [2102.77, 767.295]} decision: {'1': 0, '44': 0, '2': 0, '45': 0, '22': 0, '48': 1, '26': 1}
job_pool: ['1', '44', '2', '45', '22', '48', '26'] K80_pool: ['0', '1', '2', '3', '4', '5', '6'] V100_pool: ['2', '3'] remain_time {'1': [2414.0, 2886.79], '44': [3825.852, 2547.82], '2': [5312.66, 5089.11], '45': [3357.024, 2667.136], '22': [1430.968, 419.564], '48': [35663.670999999995, 14387.581999999999], '26': [2025.77, 737.795]} decision: {'1': 0, '44': 0, '2': 0, '45': 0, '22': 0, '48': 1, '26': 1}
job_pool: ['1', '44', '2', '45', '22', '48', '26'] K80_pool: ['0', '1', '2', '3', '4', '5', '6'] V100_pool: ['2', '3'] remain_time {'1': [2359.6000000000004, 2825.19], '44': [3804.752, 2534.32], '2': [5279.96, 5058.21], '45': [3331.524, 2647.636], '22': [1380.368, 408.264], '48': [35593.471, 14359.181999999999], '26': [1964.17, 714.1949999999999]} decision: {'1': 0, '44': 1, '2': 0, '45': 0, '22': 0, '48': 1, '26': 0}
original promotion (2-gpu dup) ['44']
original demotion (2-gpu dup) ['26']
connecting to c2177 port 10000
sending b'save 44 pid 158274'
connecting to c2189 port 10000
sending b'save 26 pid 32458'
44 checkpointed successfully
26 checkpointed successfully
connecting to c2189 port 10000
sending b'resume 44 gpu 3'
connecting to c2177 port 10000
sending b'resume 26 gpu 2'
job_pool: ['1', '26', '2', '45', '22', '48'] K80_pool: ['0', '1', '2', '3', '4', '5', '6'] V100_pool: ['2'] remain_time {'1': [2332.4, 2794.39], '26': [1948.77, 708.295], '2': [5225.46, 5006.71], '45': [3285.624, 2612.536], '22': [1329.768, 396.964], '48': [35488.170999999995, 14316.581999999999]} decision: {'1': 0, '26': 0, '2': 0, '45': 0, '22': 0, '48': 1}
job_pool: ['1', '26', '2', '45', '22', '32', '48'] K80_pool: ['0', '1', '2', '3', '4', '5', '6', '7'] V100_pool: ['2'] remain_time {'1': [2305.2000000000003, 2763.59], '26': [1859.676, 729.7489999999999], '2': [5181.86, 4965.51], '45': [3260.124, 2593.036], '22': [1329.768, 396.964], '32': [2719.408, 1021.36], '48': [35417.971, 14288.181999999999]} decision: {'1': 0, '26': 0, '2': 0, '45': 0, '22': 0, '32': 0, '48': 1}
job_pool: ['1', '26', '2', '45', '22', '32', '48'] K80_pool: ['0', '1', '2', '3', '4', '5', '6', '7'] V100_pool: ['2'] remain_time {'1': [2278.0, 2732.79], '26': [1828.4759999999999, 717.949], '2': [5149.16, 4934.61], '45': [3229.524, 2569.636], '22': [1279.1680000000001, 385.664], '32': [2719.408, 1021.36], '48': [35312.670999999995, 14245.581999999999]} decision: {'1': 0, '26': 0, '2': 0, '45': 0, '22': 0, '32': 0, '48': 1}
job_pool: ['1', '26', '2', '45', '22', '32', '48'] K80_pool: ['0', '1', '2', '3', '4', '5', '6', '7'] V100_pool: ['2'] remain_time {'1': [2250.8, 2701.99], '26': [1797.276, 706.1489999999999], '2': [5116.46, 4903.71], '45': [3198.924, 2546.236], '22': [1279.1680000000001, 385.664], '32': [2670.708, 1004.86], '48': [35242.471, 14217.181999999999]} decision: {'1': 0, '26': 0, '2': 0, '45': 0, '22': 0, '32': 0, '48': 1}
job_pool: ['1', '26', '2', '45', '22', '32', '48'] K80_pool: ['0', '1', '2', '3', '4', '5', '6', '7'] V100_pool: ['2'] remain_time {'1': [2223.6000000000004, 2671.19], '26': [1781.676, 700.2489999999999], '2': [5072.86, 4862.51], '45': [3173.424, 2526.736], '22': [1228.568, 374.36400000000003], '32': [2670.708, 1004.86], '48': [35207.371, 14202.981999999998]} decision: {'1': 0, '26': 0, '2': 0, '45': 0, '22': 0, '32': 0, '48': 1}
job_pool: ['1', '26', '2', '45', '22', '32', '48'] K80_pool: ['0', '1', '2', '3', '4', '5', '6', '7'] V100_pool: ['2'] remain_time {'1': [2196.4, 2640.39], '26': [1750.4759999999999, 688.449], '2': [5029.26, 4821.31], '45': [3142.8239999999996, 2503.336], '22': [1177.968, 363.064], '32': [2622.008, 988.36], '48': [35137.170999999995, 14174.581999999999]} decision: {'1': 0, '26': 0, '2': 0, '45': 0, '22': 0, '32': 0, '48': 1}
job_pool: ['1', '26', '2', '45', '22', '32', '48'] K80_pool: ['0', '1', '2', '3', '4', '5', '6', '7'] V100_pool: ['2'] remain_time {'1': [2142.0, 2578.79], '26': [1719.276, 676.6489999999999], '2': [4996.56, 4790.41], '45': [3112.2239999999997, 2479.936], '22': [1177.968, 363.064], '32': [2622.008, 988.36], '48': [35031.871, 14131.981999999998]} decision: {'1': 0, '26': 0, '2': 0, '45': 0, '22': 0, '32': 0, '48': 1}
job_pool: ['1', '26', '2', '45', '22', '32', '48'] K80_pool: ['0', '1', '2', '3', '4', '5', '6', '7'] V100_pool: ['2'] remain_time {'1': [2142.0, 2578.79], '26': [1688.076, 664.8489999999999], '2': [4963.86, 4759.51], '45': [3086.7239999999997, 2460.436], '22': [1127.368, 351.764], '32': [2573.308, 971.86], '48': [34961.670999999995, 14103.581999999999]} decision: {'1': 0, '26': 0, '2': 0, '45': 0, '22': 0, '32': 0, '48': 1}
job_pool: ['1', '26', '2', '45', '22', '32', '48'] K80_pool: ['0', '1', '2', '3', '4', '5', '6', '7'] V100_pool: ['2'] remain_time {'1': [2087.6000000000004, 2517.19], '26': [1656.876, 653.049], '2': [4931.16, 4728.61], '45': [3056.124, 2437.036], '22': [1127.368, 351.764], '32': [2524.6079999999997, 955.36], '48': [34891.471, 14075.181999999999]} decision: {'1': 0, '26': 0, '2': 0, '45': 0, '22': 0, '32': 0, '48': 1}
job_pool: ['1', '26', '2', '45', '22', '32', '48'] K80_pool: ['0', '1', '2', '3', '4', '5', '6', '7'] V100_pool: ['2'] remain_time {'1': [2060.4, 2486.39], '26': [1625.676, 641.2489999999999], '2': [4887.56, 4687.41], '45': [3030.624, 2417.536], '22': [1076.768, 340.464], '32': [2524.6079999999997, 955.36], '48': [34821.271, 14046.782]} decision: {'1': 0, '26': 0, '2': 0, '45': 0, '22': 0, '32': 0, '48': 1}
job3qualified for demote for passing demote qualify time 697
job_pool: ['1', '26', '2', '45', '22', '32', '3', '48'] K80_pool: ['0', '1', '2', '3', '4', '5', '6', '7'] V100_pool: ['0', '1', '2'] remain_time {'1': [2033.2, 2455.59], '26': [1610.076, 635.3489999999999], '2': [4854.86, 4656.51], '45': [3000.024, 2394.136], '22': [1076.768, 340.464], '32': [2475.908, 938.86], '3': [12515.895999999999, 6683.339999999999], '48': [34751.070999999996, 14018.382]} decision: {'1': 0, '26': 0, '2': 0, '45': 0, '22': 0, '32': 0, '3': 1, '48': 1}
job_pool: ['1', '26', '2', '45', '22', '32', '3', '48'] K80_pool: ['0', '1', '2', '3', '4', '5', '6', '7'] V100_pool: ['0', '1', '2'] remain_time {'1': [2006.0000000000002, 2424.79], '26': [1578.876, 623.549], '2': [4811.26, 4615.31], '45': [2969.424, 2370.736], '22': [1026.1680000000001, 329.164], '32': [2475.908, 938.86], '3': [12452.096, 6648.839999999999], '48': [34680.871, 13989.981999999998]} decision: {'1': 0, '26': 0, '2': 0, '45': 0, '22': 0, '32': 0, '3': 1, '48': 1}
job_pool: ['1', '26', '2', '45', '22', '32', '3', '48'] K80_pool: ['0', '1', '2', '3', '4', '5', '6', '7'] V100_pool: ['0', '1', '2'] remain_time {'1': [1978.8000000000002, 2393.99], '26': [1547.676, 611.7489999999999], '2': [4778.56, 4584.41], '45': [2943.924, 2351.236], '22': [1026.1680000000001, 329.164], '32': [2427.208, 922.36], '3': [12388.296, 6614.339999999999], '48': [34610.670999999995, 13961.581999999999]} decision: {'1': 0, '26': 0, '2': 0, '45': 0, '22': 0, '32': 0, '3': 1, '48': 1}
job_pool: ['1', '26', '2', '45', '22', '32', '3', '48'] K80_pool: ['0', '1', '2', '3', '4', '5', '6', '7'] V100_pool: ['0', '1', '2'] remain_time {'1': [1951.6000000000001, 2363.19], '26': [1516.4759999999999, 599.949], '2': [4745.86, 4553.51], '45': [2913.3239999999996, 2327.836], '22': [975.568, 317.86400000000003], '32': [2427.208, 922.36], '3': [12324.496, 6579.839999999999], '48': [34540.471, 13933.181999999999]} decision: {'1': 0, '26': 0, '2': 0, '45': 0, '22': 0, '32': 0, '3': 1, '48': 1}
job_pool: ['1', '26', '2', '45', '22', '32', '3', '48'] K80_pool: ['0', '1', '2', '3', '4', '5', '6', '7'] V100_pool: ['0', '1', '2'] remain_time {'1': [1924.4, 2332.39], '26': [1485.276, 588.1489999999999], '2': [4702.26, 4512.31], '45': [2882.7239999999997, 2304.436], '22': [924.968, 306.56399999999996], '32': [2378.508, 905.86], '3': [12324.496, 6579.839999999999], '48': [34470.271, 13904.782]} decision: {'1': 0, '26': 0, '2': 0, '45': 0, '22': 0, '32': 0, '3': 1, '48': 1}
job_pool: ['1', '26', '2', '45', '22', '32', '3', '48'] K80_pool: ['0', '1', '2', '3', '4', '5', '6', '7'] V100_pool: ['0', '1', '2'] remain_time {'1': [1897.2, 2301.59], '26': [1469.676, 582.2489999999999], '2': [4669.56, 4481.41], '45': [2852.124, 2281.036], '22': [924.968, 306.56399999999996], '32': [2378.508, 905.86], '3': [12260.696, 6545.339999999999], '48': [34400.070999999996, 13876.382]} decision: {'1': 0, '26': 0, '2': 0, '45': 0, '22': 0, '32': 0, '3': 1, '48': 1}
job_pool: ['1', '26', '2', '45', '22', '32', '3', '48'] K80_pool: ['0', '1', '2', '3', '4', '5', '6', '7'] V100_pool: ['0', '1', '2'] remain_time {'1': [1870.0000000000002, 2270.79], '26': [1438.4759999999999, 570.449], '2': [4625.96, 4440.21], '45': [2821.524, 2257.636], '22': [874.368, 295.264], '32': [2329.808, 889.36], '3': [12196.895999999999, 6510.839999999999], '48': [34294.771, 13833.782]} decision: {'1': 0, '26': 0, '2': 0, '45': 0, '22': 0, '32': 0, '3': 1, '48': 1}
job_pool: ['1', '26', '2', '45', '22', '32', '3', '48'] K80_pool: ['0', '1', '2', '3', '4', '5', '6', '7'] V100_pool: ['0', '1', '2'] remain_time {'1': [1842.8000000000002, 2239.99], '26': [1407.276, 558.6489999999999], '2': [4593.26, 4409.31], '45': [2790.924, 2234.236], '22': [874.368, 295.264], '32': [2329.808, 889.36], '3': [12133.096, 6476.339999999999], '48': [34224.570999999996, 13805.382]} decision: {'1': 0, '26': 0, '2': 0, '45': 0, '22': 0, '32': 0, '3': 1, '48': 1}
job_pool: ['1', '26', '2', '45', '22', '32', '3', '48'] K80_pool: ['0', '1', '2', '3', '4', '5', '6', '7'] V100_pool: ['0', '1', '2'] remain_time {'1': [1815.6000000000001, 2209.19], '26': [1376.076, 546.8489999999999], '2': [4560.56, 4378.41], '45': [2765.424, 2214.736], '22': [823.768, 283.964], '32': [2281.1079999999997, 872.86], '3': [12133.096, 6476.339999999999], '48': [34154.371, 13776.981999999998]} decision: {'1': 0, '26': 0, '2': 0, '45': 0, '22': 0, '32': 0, '3': 1, '48': 1}
job_pool: ['1', '26', '2', '45', '22', '32', '3', '48'] K80_pool: ['0', '1', '2', '3', '4', '5', '6', '7'] V100_pool: ['0', '1', '2'] remain_time {'1': [1788.4, 2178.39], '26': [1344.876, 535.049], '2': [4516.96, 4337.21], '45': [2734.8239999999996, 2191.336], '22': [823.768, 283.964], '32': [2232.408, 856.36], '3': [12069.296, 6441.839999999999], '48': [34119.271, 13762.782]} decision: {'1': 0, '26': 0, '2': 0, '45': 0, '22': 0, '32': 0, '3': 1, '48': 1}
job_pool: ['1', '26', '2', '45', '22', '32', '3', '48'] K80_pool: ['0', '1', '2', '3', '4', '5', '6', '7'] V100_pool: ['0', '1', '2'] remain_time {'1': [1734.0000000000002, 2116.79], '26': [1329.276, 529.149], '2': [4484.26, 4306.31], '45': [2709.3239999999996, 2171.836], '22': [773.168, 272.664], '32': [2232.408, 856.36], '3': [12005.496, 6407.339999999999], '48': [34049.070999999996, 13734.382]} decision: {'1': 0, '26': 0, '2': 0, '45': 0, '22': 0, '32': 0, '3': 1, '48': 1}
job_pool: ['1', '26', '2', '45', '22', '32', '3', '48'] K80_pool: ['0', '1', '2', '3', '4', '5', '6', '7'] V100_pool: ['0', '1', '2'] remain_time {'1': [1706.8000000000002, 2085.9900000000002], '26': [1298.076, 517.3489999999999], '2': [4440.66, 4265.11], '45': [2678.7239999999997, 2148.436], '22': [722.568, 261.36400000000003], '32': [2183.708, 839.86], '3': [11941.696, 6372.839999999999], '48': [33943.771, 13691.782]} decision: {'1': 0, '26': 0, '2': 0, '45': 0, '22': 0, '32': 0, '3': 1, '48': 1}
job_pool: ['1', '26', '2', '45', '22', '32', '3', '48'] K80_pool: ['0', '1', '2', '3', '4', '5', '6', '7'] V100_pool: ['0', '1', '2'] remain_time {'1': [1679.6000000000001, 2055.19], '26': [1266.876, 505.549], '2': [4407.96, 4234.21], '45': [2648.124, 2125.036], '22': [722.568, 261.36400000000003], '32': [2183.708, 839.86], '3': [11877.895999999999, 6338.339999999999], '48': [33873.570999999996, 13663.382]} decision: {'1': 0, '26': 0, '2': 0, '45': 0, '22': 0, '32': 0, '3': 1, '48': 1}
job_pool: ['1', '26', '2', '45', '22', '32', '3', '48'] K80_pool: ['0', '1', '2', '3', '4', '5', '6', '7'] V100_pool: ['0', '1', '2'] remain_time {'1': [1652.4, 2024.3899999999999], '26': [1235.676, 493.749], '2': [4375.26, 4203.31], '45': [2622.624, 2105.536], '22': [671.968, 250.064], '32': [2135.008, 823.36], '3': [11877.895999999999, 6338.339999999999], '48': [33803.371, 13634.981999999998]} decision: {'1': 0, '26': 0, '2': 0, '45': 0, '22': 0, '32': 0, '3': 1, '48': 1}
job_pool: ['1', '26', '2', '45', '22', '32', '3', '48'] K80_pool: ['0', '1', '2', '3', '4', '5', '6', '7'] V100_pool: ['0', '1', '2'] remain_time {'1': [1625.2, 1993.59], '26': [1204.4759999999999, 481.949], '2': [4331.66, 4162.11], '45': [2592.024, 2082.136], '22': [671.968, 250.064], '32': [2135.008, 823.36], '3': [11814.096, 6303.839999999999], '48': [33733.170999999995, 13606.581999999999]} decision: {'1': 0, '26': 0, '2': 0, '45': 0, '22': 0, '32': 0, '3': 1, '48': 1}
job_pool: ['1', '26', '2', '45', '22', '32', '3', '48'] K80_pool: ['0', '1', '2', '3', '4', '5', '6', '7'] V100_pool: ['0', '1', '2'] remain_time {'1': [1598.0000000000002, 1962.79], '26': [1173.276, 470.149], '2': [4298.96, 4131.21], '45': [2561.424, 2058.736], '22': [621.368, 238.764], '32': [2086.308, 806.86], '3': [11750.296, 6269.339999999999], '48': [33662.971, 13578.181999999999]} decision: {'1': 0, '26': 0, '2': 0, '45': 0, '22': 0, '32': 0, '3': 1, '48': 1}
job_pool: ['1', '26', '2', '45', '22', '32', '3', '48'] K80_pool: ['0', '1', '2', '3', '4', '5', '6', '7'] V100_pool: ['0', '1', '2'] remain_time {'1': [1570.8000000000002, 1931.99], '26': [1157.676, 464.249], '2': [4266.26, 4100.3099999999995], '45': [2535.924, 2039.236], '22': [621.368, 238.764], '32': [2037.608, 790.36], '3': [11686.496, 6234.839999999999], '48': [33592.771, 13549.782]} decision: {'1': 0, '26': 0, '2': 0, '45': 0, '22': 0, '32': 0, '3': 1, '48': 1}
job_pool: ['1', '26', '2', '45', '22', '32', '3', '48'] K80_pool: ['0', '1', '2', '3', '4', '5', '6', '7'] V100_pool: ['0', '1', '2'] remain_time {'1': [1543.6000000000001, 1901.19], '26': [1126.4759999999999, 452.449], '2': [4222.66, 4059.1099999999997], '45': [2505.3239999999996, 2015.836], '22': [570.768, 227.464], '32': [2037.608, 790.36], '3': [11686.496, 6234.839999999999], '48': [33522.570999999996, 13521.382]} decision: {'1': 0, '26': 0, '2': 0, '45': 0, '22': 0, '32': 0, '3': 1, '48': 1}
job_pool: ['1', '26', '2', '45', '22', '32', '3', '48'] K80_pool: ['0', '1', '2', '3', '4', '5', '6', '7'] V100_pool: ['0', '1', '2'] remain_time {'1': [1516.4, 1870.3899999999999], '26': [1095.276, 440.649], '2': [4179.06, 4017.91], '45': [2474.7239999999997, 1992.436], '22': [570.768, 227.464], '32': [1988.908, 773.86], '3': [11622.696, 6200.339999999999], '48': [33452.371, 13492.981999999998]} decision: {'1': 0, '26': 0, '2': 0, '45': 0, '22': 0, '32': 0, '3': 1, '48': 1}
job_pool: ['1', '26', '2', '45', '22', '32', '3', '48'] K80_pool: ['0', '1', '2', '3', '4', '5', '6', '7'] V100_pool: ['0', '1', '2'] remain_time {'1': [1489.2, 1839.59], '26': [1064.076, 428.849], '2': [4146.36, 3987.0099999999998], '45': [2449.2239999999997, 1972.936], '22': [520.168, 216.164], '32': [1988.908, 773.86], '3': [11558.895999999999, 6165.839999999999], '48': [33382.170999999995, 13464.581999999999]} decision: {'1': 0, '26': 0, '2': 0, '45': 0, '22': 0, '32': 0, '3': 1, '48': 1}
job_pool: ['1', '26', '2', '45', '22', '32', '3', '48'] K80_pool: ['0', '1', '2', '3', '4', '5', '6', '7'] V100_pool: ['0', '1', '2'] remain_time {'1': [1462.0, 1808.79], '26': [1032.876, 417.049], '2': [4113.66, 3956.1099999999997], '45': [2418.624, 1949.536], '22': [469.568, 204.864], '32': [1940.2079999999999, 757.36], '3': [11495.096, 6131.339999999999], '48': [33311.971, 13436.181999999999]} decision: {'1': 0, '26': 0, '2': 0, '45': 0, '22': 0, '32': 0, '3': 1, '48': 1}
job_pool: ['1', '26', '2', '45', '22', '32', '3', '48'] K80_pool: ['0', '1', '2', '3', '4', '5', '6', '7'] V100_pool: ['0', '1', '2'] remain_time {'1': [1434.8000000000002, 1777.99], '26': [1017.276, 411.149], '2': [4091.86, 3935.5099999999998], '45': [2398.2239999999997, 1933.936], '22': [469.568, 204.864], '32': [1940.2079999999999, 757.36], '3': [11495.096, 6131.339999999999], '48': [33241.771, 13407.782]} decision: {'1': 0, '26': 0, '2': 0, '45': 0, '22': 0, '32': 0, '3': 1, '48': 1}
job_pool: ['1', '26', '2', '45', '22', '32', '3', '48'] K80_pool: ['0', '1', '2', '3', '4', '5', '6', '7'] V100_pool: ['0', '1', '2'] remain_time {'1': [1407.6000000000001, 1747.19], '26': [986.076, 399.349], '2': [4048.2599999999998, 3894.3099999999995], '45': [2372.7239999999997, 1914.436], '22': [418.968, 193.56400000000002], '32': [1891.508, 740.86], '3': [11431.296, 6096.839999999999], '48': [33171.570999999996, 13379.382]} decision: {'1': 0, '26': 0, '2': 0, '45': 0, '22': 0, '32': 0, '3': 1, '48': 1}
job_pool: ['1', '26', '2', '45', '22', '32', '3', '48'] K80_pool: ['0', '1', '2', '3', '4', '5', '6', '7'] V100_pool: ['0', '1', '2'] remain_time {'1': [1380.4, 1716.3899999999999], '26': [970.476, 393.449], '2': [4026.46, 3873.7099999999996], '45': [2352.324, 1898.836], '22': [418.968, 193.56400000000002], '32': [1891.508, 740.86], '3': [11367.496, 6062.339999999999], '48': [33101.371, 13350.981999999998]} decision: {'1': 0, '26': 0, '2': 0, '45': 0, '22': 0, '32': 0, '3': 1, '48': 1}
job_pool: ['1', '26', '2', '45', '22', '32', '3', '48'] K80_pool: ['0', '1', '2', '3', '4', '5', '6', '7'] V100_pool: ['0', '1', '2'] remain_time {'1': [1353.2, 1685.59], '26': [939.276, 381.649], '2': [3993.7599999999998, 3842.8099999999995], '45': [2321.7239999999997, 1875.436], '22': [368.368, 182.264], '32': [1842.808, 724.36], '3': [11367.496, 6062.339999999999], '48': [33031.170999999995, 13322.581999999999]} decision: {'1': 0, '26': 0, '2': 0, '45': 0, '22': 0, '32': 0, '3': 1, '48': 1}
job_pool: ['1', '26', '2', '45', '22', '32', '3', '48'] K80_pool: ['0', '1', '2', '3', '4', '5', '6', '7'] V100_pool: ['0', '1', '2'] remain_time {'1': [1326.0, 1654.79], '26': [923.676, 375.749], '2': [3950.16, 3801.6099999999997], '45': [2296.2239999999997, 1855.936], '22': [368.368, 182.264], '32': [1842.808, 724.36], '3': [11303.696, 6027.839999999999], '48': [32996.070999999996, 13308.382]} decision: {'1': 0, '26': 0, '2': 0, '45': 0, '22': 0, '32': 0, '3': 1, '48': 1}
job_pool: ['1', '26', '2', '45', '22', '32', '3', '48'] K80_pool: ['0', '1', '2', '3', '4', '5', '6', '7'] V100_pool: ['0', '1', '2'] remain_time {'1': [1298.8000000000002, 1623.99], '26': [892.476, 363.949], '2': [3928.36, 3781.0099999999998], '45': [2275.824, 1840.336], '22': [317.76800000000003, 170.964], '32': [1842.808, 724.36], '3': [11239.895999999999, 5993.339999999999], '48': [32925.871, 13279.981999999998]} decision: {'1': 0, '26': 0, '2': 0, '45': 0, '22': 0, '32': 0, '3': 1, '48': 1}
job_pool: ['1', '26', '2', '45', '22', '32', '3', '48'] K80_pool: ['0', '1', '2', '3', '4', '5', '6', '7'] V100_pool: ['0', '1', '2'] remain_time {'1': [1271.6000000000001, 1593.19], '26': [861.276, 352.149], '2': [3895.66, 3750.1099999999997], '45': [2245.2239999999997, 1816.936], '22': [317.76800000000003, 170.964], '32': [1794.108, 707.86], '3': [11239.895999999999, 5993.339999999999], '48': [32855.671, 13251.581999999999]} decision: {'1': 0, '26': 0, '2': 0, '45': 0, '22': 0, '32': 0, '3': 1, '48': 1}
job_pool: ['1', '26', '2', '45', '22', '32', '3', '48'] K80_pool: ['0', '1', '2', '3', '4', '5', '6', '7'] V100_pool: ['0', '1', '2'] remain_time {'1': [1271.6000000000001, 1593.19], '26': [845.676, 346.249], '2': [3862.96, 3719.2099999999996], '45': [2224.824, 1801.336], '22': [317.76800000000003, 170.964], '32': [1745.408, 691.36], '3': [11176.096, 5958.839999999999], '48': [32820.570999999996, 13237.382]} decision: {'1': 0, '26': 0, '2': 0, '45': 0, '22': 0, '32': 0, '3': 1, '48': 1}
job_pool: ['1', '26', '2', '45', '22', '32', '3', '48'] K80_pool: ['0', '1', '2', '3', '4', '5', '6', '7'] V100_pool: ['0', '1', '2'] remain_time {'1': [1217.2, 1531.59], '26': [830.076, 340.349], '2': [3830.2599999999998, 3688.3099999999995], '45': [2194.2239999999997, 1777.936], '22': [267.168, 159.664], '32': [1745.408, 691.36], '3': [11112.296, 5924.339999999999], '48': [32750.371, 13208.981999999998]} decision: {'1': 0, '26': 0, '2': 0, '45': 0, '22': 0, '32': 0, '3': 1, '48': 1}
job_pool: ['1', '26', '2', '45', '22', '32', '3', '48'] K80_pool: ['0', '1', '2', '3', '4', '5', '6', '7'] V100_pool: ['0', '1', '2'] remain_time {'1': [1217.2, 1531.59], '26': [798.876, 328.54900000000004], '2': [3808.46, 3667.7099999999996], '45': [2173.824, 1762.336], '22': [267.168, 159.664], '32': [1745.408, 691.36], '3': [11112.296, 5924.339999999999], '48': [32680.171, 13180.581999999999]} decision: {'1': 0, '26': 0, '2': 0, '45': 0, '22': 0, '32': 0, '3': 1, '48': 1}
job_pool: ['1', '26', '2', '45', '22', '32', '3', '48'] K80_pool: ['0', '1', '2', '3', '4', '5', '6', '7'] V100_pool: ['0', '1', '2'] remain_time {'1': [1190.0, 1500.79], '26': [783.276, 322.649], '2': [3764.86, 3626.5099999999998], '45': [2148.324, 1742.836], '22': [216.568, 148.364], '32': [1696.7079999999999, 674.86], '3': [11048.496, 5889.839999999999], '48': [32609.970999999998, 13152.181999999999]} decision: {'1': 0, '26': 0, '2': 0, '45': 0, '22': 0, '32': 0, '3': 1, '48': 1}
job_pool: ['1', '26', '2', '45', '22', '32', '3', '48'] K80_pool: ['0', '1', '2', '3', '4', '5', '6', '7'] V100_pool: ['0', '1', '2'] remain_time {'1': [1162.8000000000002, 1469.99], '26': [752.076, 310.849], '2': [3732.16, 3595.6099999999997], '45': [2117.7239999999997, 1719.436], '22': [216.568, 148.364], '32': [1648.008, 658.36], '3': [10984.696, 5855.339999999999], '48': [32539.770999999997, 13123.782]} decision: {'1': 0, '26': 0, '2': 0, '45': 0, '22': 0, '32': 0, '3': 1, '48': 1}
job_pool: ['1', '26', '2', '45', '22', '32', '3', '48'] K80_pool: ['0', '1', '2', '3', '4', '5', '6', '7'] V100_pool: ['0', '1', '2'] remain_time {'1': [1135.6000000000001, 1439.19], '26': [736.476, 304.949], '2': [3710.36, 3575.0099999999998], '45': [2097.324, 1703.836], '22': [165.968, 137.064], '32': [1648.008, 658.36], '3': [10984.696, 5855.339999999999], '48': [32469.570999999996, 13095.382]} decision: {'1': 0, '26': 0, '2': 0, '45': 0, '22': 0, '32': 0, '3': 1, '48': 1}
job_pool: ['1', '26', '2', '45', '22', '32', '3', '48'] K80_pool: ['0', '1', '2', '3', '4', '5', '6', '7'] V100_pool: ['0', '1', '2'] remain_time {'1': [1108.4, 1408.3899999999999], '26': [705.276, 293.149], '2': [3666.7599999999998, 3533.8099999999995], '45': [2071.824, 1684.336], '22': [165.968, 137.064], '32': [1648.008, 658.36], '3': [10920.895999999999, 5820.839999999999], '48': [32434.470999999998, 13081.181999999999]} decision: {'1': 0, '26': 0, '2': 0, '45': 0, '22': 0, '32': 0, '3': 1, '48': 1}
job_pool: ['1', '26', '2', '45', '22', '32', '3', '48'] K80_pool: ['0', '1', '2', '3', '4', '5', '6', '7'] V100_pool: ['0', '1', '2'] remain_time {'1': [1081.2, 1377.59], '26': [674.076, 281.349], '2': [3634.06, 3502.91], '45': [2041.224, 1660.936], '22': [115.368, 125.764], '32': [1599.308, 641.86], '3': [10857.096, 5786.339999999999], '48': [32364.270999999997, 13052.782]} decision: {'1': 0, '26': 0, '2': 0, '45': 0, '22': 0, '32': 0, '3': 1, '48': 1}
job_pool: ['1', '26', '2', '45', '22', '32', '3', '48'] K80_pool: ['0', '1', '2', '3', '4', '5', '6', '7'] V100_pool: ['0', '1', '2'] remain_time {'1': [1054.0, 1346.79], '26': [642.876, 269.549], '2': [3590.46, 3461.7099999999996], '45': [2010.6239999999998, 1637.536], '22': [64.768, 114.464], '32': [1550.608, 625.36], '3': [10793.296, 5751.839999999999], '48': [32294.070999999996, 13024.382]} decision: {'1': 0, '26': 0, '2': 0, '45': 0, '22': 0, '32': 0, '3': 1, '48': 1}
job_pool: ['1', '26', '2', '45', '22', '32', '3', '48'] K80_pool: ['0', '1', '2', '3', '4', '5', '6', '7'] V100_pool: ['0', '1', '2'] remain_time {'1': [999.6, 1285.19], '26': [611.676, 257.749], '2': [3557.7599999999998, 3430.8099999999995], '45': [1985.1239999999998, 1618.036], '22': [64.768, 114.464], '32': [1550.608, 625.36], '3': [10793.296, 5751.839999999999], '48': [32188.770999999997, 12981.782]} decision: {'1': 0, '26': 0, '2': 0, '45': 0, '22': 0, '32': 0, '3': 1, '48': 1}
job_pool: ['1', '26', '2', '45', '22', '32', '3', '48'] K80_pool: ['0', '1', '2', '3', '4', '5', '6', '7'] V100_pool: ['0', '1', '2'] remain_time {'1': [972.4000000000001, 1254.3899999999999], '26': [580.476, 245.94899999999998], '2': [3514.16, 3389.6099999999997], '45': [1954.524, 1594.636], '22': [14.168, 103.164], '32': [1501.908, 608.86], '3': [10729.496, 5717.339999999999], '48': [32118.570999999996, 12953.382]} decision: {'1': 0, '26': 0, '2': 0, '45': 0, '22': 0, '32': 0, '3': 1, '48': 1}
K80 finished job: 22
connecting to c2177 port 10000
sending b'start 41 gpu 6'
job_pool: ['1', '26', '2', '45', '32', '3', '48'] K80_pool: ['0', '1', '2', '3', '4', '5', '7'] V100_pool: ['0', '1', '2'] remain_time {'1': [945.2, 1223.59], '26': [549.276, 234.14899999999997], '2': [3481.46, 3358.7099999999996], '45': [1923.924, 1571.236], '32': [1501.908, 608.86], '3': [10665.696, 5682.839999999999], '48': [32048.371, 12924.981999999998]} decision: {'1': 0, '26': 0, '2': 0, '45': 0, '32': 0, '3': 1, '48': 1}
job_pool: ['1', '26', '2', '45', '32', '3', '48'] K80_pool: ['0', '1', '2', '3', '4', '5', '7'] V100_pool: ['0', '1', '2'] remain_time {'1': [918.0000000000001, 1192.79], '26': [533.676, 228.249], '2': [3437.86, 3317.5099999999998], '45': [1893.3239999999998, 1547.836], '32': [1453.2079999999999, 592.36], '3': [10601.895999999999, 5648.339999999999], '48': [31943.070999999996, 12882.382]} decision: {'1': 0, '26': 0, '2': 0, '45': 0, '32': 0, '3': 1, '48': 1}
job_pool: ['1', '26', '2', '45', '41', '32', '3', '48'] K80_pool: ['0', '1', '2', '3', '4', '5', '6', '7'] V100_pool: ['0', '1', '2'] remain_time {'1': [890.8000000000001, 1161.99], '26': [502.476, 216.44899999999998], '2': [3405.16, 3286.6099999999997], '45': [1867.8239999999998, 1528.336], '41': [9494.518, 2539.932], '32': [1453.2079999999999, 592.36], '3': [10538.096, 5613.839999999999], '48': [31907.970999999998, 12868.181999999999]} decision: {'1': 0, '26': 0, '2': 0, '45': 0, '41': 0, '32': 0, '3': 1, '48': 1}
job_pool: ['1', '26', '2', '45', '41', '32', '3', '48'] K80_pool: ['0', '1', '2', '3', '4', '5', '6', '7'] V100_pool: ['0', '1', '2'] remain_time {'1': [863.6, 1131.19], '26': [471.276, 204.649], '2': [3361.56, 3245.41], '45': [1837.224, 1504.936], '41': [9458.717999999999, 2530.732], '32': [1404.508, 575.86], '3': [10538.096, 5613.839999999999], '48': [31837.770999999997, 12839.782]} decision: {'1': 0, '26': 0, '2': 0, '45': 0, '41': 0, '32': 0, '3': 1, '48': 1}
job_pool: ['1', '26', '2', '45', '41', '32', '3', '48'] K80_pool: ['0', '1', '2', '3', '4', '5', '6', '7'] V100_pool: ['0', '1', '2'] remain_time {'1': [836.4000000000001, 1100.39], '26': [440.076, 192.849], '2': [3328.86, 3214.5099999999998], '45': [1806.6239999999998, 1481.536], '41': [9440.818, 2526.132], '32': [1355.808, 559.36], '3': [10474.296, 5579.339999999999], '48': [31767.570999999996, 12811.382]} decision: {'1': 0, '26': 0, '2': 0, '45': 0, '41': 0, '32': 0, '3': 1, '48': 1}
job_pool: ['1', '26', '2', '45', '41', '32', '3', '48'] K80_pool: ['0', '1', '2', '3', '4', '5', '6', '7'] V100_pool: ['0', '1', '2'] remain_time {'1': [809.2, 1069.59], '26': [408.876, 181.04899999999998], '2': [3285.2599999999998, 3173.3099999999995], '45': [1776.024, 1458.136], '41': [9405.018, 2516.932], '32': [1355.808, 559.36], '3': [10410.496, 5544.839999999999], '48': [31662.270999999997, 12768.782]} decision: {'1': 0, '26': 0, '2': 0, '45': 0, '41': 0, '32': 0, '3': 1, '48': 1}
job_pool: ['1', '26', '2', '45', '41', '32', '3', '48'] K80_pool: ['0', '1', '2', '3', '4', '5', '6', '7'] V100_pool: ['0', '1', '2'] remain_time {'1': [782.0, 1038.79], '26': [377.676, 169.249], '2': [3252.56, 3142.41], '45': [1750.524, 1438.636], '41': [9369.217999999999, 2507.732], '32': [1307.108, 542.86], '3': [10346.696, 5510.339999999999], '48': [31592.070999999996, 12740.382]} decision: {'1': 0, '26': 0, '2': 0, '45': 0, '41': 0, '32': 0, '3': 1, '48': 1}
job_pool: ['1', '26', '2', '45', '41', '32', '3', '48'] K80_pool: ['0', '1', '2', '3', '4', '5', '6', '7'] V100_pool: ['0', '1', '2'] remain_time {'1': [754.8000000000001, 1007.99], '26': [362.076, 163.349], '2': [3208.96, 3101.2099999999996], '45': [1719.924, 1415.236], '41': [9351.318, 2503.132], '32': [1307.108, 542.86], '3': [10346.696, 5510.339999999999], '48': [31521.871, 12711.981999999998]} decision: {'1': 0, '26': 0, '2': 0, '45': 0, '41': 0, '32': 0, '3': 1, '48': 1}
job_pool: ['1', '26', '2', '45', '41', '32', '3', '48'] K80_pool: ['0', '1', '2', '3', '4', '5', '6', '7'] V100_pool: ['0', '1', '2'] remain_time {'1': [727.6, 977.1899999999999], '26': [330.876, 151.549], '2': [3176.2599999999998, 3070.3099999999995], '45': [1689.3239999999998, 1391.836], '41': [9315.518, 2493.932], '32': [1258.408, 526.36], '3': [10282.895999999999, 5475.839999999999], '48': [31451.671, 12683.581999999999]} decision: {'1': 0, '26': 0, '2': 0, '45': 0, '41': 0, '32': 0, '3': 1, '48': 1}
job_pool: ['1', '26', '2', '45', '41', '32', '3', '48'] K80_pool: ['0', '1', '2', '3', '4', '5', '6', '7'] V100_pool: ['0', '1', '2'] remain_time {'1': [673.2, 915.5899999999999], '26': [299.676, 139.749], '2': [3132.66, 3029.1099999999997], '45': [1663.8239999999998, 1372.336], '41': [9279.717999999999, 2484.732], '32': [1258.408, 526.36], '3': [10219.096, 5441.339999999999], '48': [31381.470999999998, 12655.181999999999]} decision: {'1': 0, '26': 0, '2': 0, '45': 0, '41': 0, '32': 0, '3': 1, '48': 1}
job_pool: ['1', '26', '2', '45', '41', '32', '3', '48'] K80_pool: ['0', '1', '2', '3', '4', '5', '6', '7'] V100_pool: ['0', '1', '2'] remain_time {'1': [646.0, 884.79], '26': [268.476, 127.949], '2': [3099.96, 2998.2099999999996], '45': [1633.224, 1348.936], '41': [9261.818, 2480.132], '32': [1209.708, 509.86], '3': [10155.296, 5406.839999999999], '48': [31311.270999999997, 12626.782]} decision: {'1': 0, '26': 0, '2': 0, '45': 0, '41': 0, '32': 0, '3': 1, '48': 1}
job_pool: ['1', '26', '2', '45', '41', '32', '3', '48'] K80_pool: ['0', '1', '2', '3', '4', '5', '6', '7'] V100_pool: ['0', '1', '2'] remain_time {'1': [618.8000000000001, 853.99], '26': [237.276, 116.14899999999999], '2': [3067.2599999999998, 2967.3099999999995], '45': [1602.6239999999998, 1325.536], '41': [9243.918, 2475.532], '32': [1209.708, 509.86], '3': [10091.496, 5372.339999999999], '48': [31241.071, 12598.382]} decision: {'1': 0, '26': 0, '2': 0, '45': 0, '41': 0, '32': 0, '3': 1, '48': 1}
job44qualified for demote for passing demote qualify time 1766
job_pool: ['1', '26', '2', '45', '41', '32', '3', '48', '44'] K80_pool: ['0', '1', '2', '3', '4', '5', '6', '7'] V100_pool: ['0', '1', '2', '3'] remain_time {'1': [591.6, 823.1899999999999], '26': [221.676, 110.249], '2': [3023.66, 2926.1099999999997], '45': [1577.1239999999998, 1306.036], '41': [9208.118, 2466.332], '32': [1161.008, 493.36], '3': [10091.496, 5372.339999999999], '48': [31170.871, 12569.981999999998], '44': [2160.878, 1637.964]} decision: {'1': 0, '26': 0, '2': 0, '45': 0, '41': 1, '32': 0, '3': 1, '48': 1, '44': 0}
original promotion (2-gpu dup) ['41']
original demotion (2-gpu dup) ['44']
connecting to c2177 port 10000
sending b'save 41 pid 162713'
connecting to c2189 port 10000
sending b'save 44 pid 33671'
41 checkpointed successfully
44 checkpointed successfully
connecting to c2189 port 10000
sending b'resume 41 gpu 3'
connecting to c2177 port 10000
sending b'resume 44 gpu 6'
job_pool: ['1', '26', '2', '45', '44', '32', '3', '48'] K80_pool: ['0', '1', '2', '3', '4', '5', '6', '7'] V100_pool: ['0', '1', '2'] remain_time {'1': [537.2, 761.5899999999999], '26': [174.876, 92.54899999999999], '2': [2969.16, 2874.6099999999997], '45': [1536.3239999999998, 1274.836], '44': [1976.648, 1776.144], '32': [1112.308, 476.86], '3': [9963.895999999999, 5303.339999999999], '48': [31030.470999999998, 12513.181999999999]} decision: {'1': 0, '26': 0, '2': 0, '45': 0, '44': 0, '32': 0, '3': 1, '48': 1}
job_pool: ['1', '26', '2', '45', '44', '32', '3', '48'] K80_pool: ['0', '1', '2', '3', '4', '5', '6', '7'] V100_pool: ['0', '1', '2'] remain_time {'1': [537.2, 761.5899999999999], '26': [143.676, 80.749], '2': [2925.56, 2833.41], '45': [1510.8239999999998, 1255.336], '44': [1976.648, 1776.144], '32': [1112.308, 476.86], '3': [9963.895999999999, 5303.339999999999], '48': [30960.270999999997, 12484.782]} decision: {'1': 0, '26': 0, '2': 0, '45': 0, '44': 0, '32': 0, '3': 1, '48': 1}
job_pool: ['1', '26', '2', '45', '44', '32', '3', '48'] K80_pool: ['0', '1', '2', '3', '4', '5', '6', '7'] V100_pool: ['0', '1', '2'] remain_time {'1': [510.00000000000006, 730.79], '26': [112.476, 68.949], '2': [2892.86, 2802.5099999999998], '45': [1475.1239999999998, 1228.036], '44': [1976.648, 1774.644], '32': [1063.608, 460.36], '3': [9900.096, 5268.839999999999], '48': [30890.071, 12456.382]} decision: {'1': 0, '26': 0, '2': 0, '45': 0, '44': 0, '32': 0, '3': 1, '48': 1}
